#
# There is insufficient memory for the Java Runtime Environment to continue.
# Native memory allocation (mmap) failed to map 132120576 bytes for G1 virtual space
# Possible reasons:
#   The system is out of physical RAM or swap space
#   The process is running with CompressedOops enabled, and the Java Heap may be blocking the growth of the native heap
# Possible solutions:
#   Reduce memory load on the system
#   Increase physical memory or swap space
#   Check if swap backing store is full
#   Decrease Java heap size (-Xmx/-Xms)
#   Decrease number of Java threads
#   Decrease Java thread stack sizes (-Xss)
#   Set larger code cache with -XX:ReservedCodeCacheSize=
#   JVM is running with Unscaled Compressed Oops mode in which the Java heap is
#     placed in the first 4GB address space. The Java Heap base address is the
#     maximum limit for the native heap growth. Please use -XX:HeapBaseMinAddress
#     to set the Java Heap base and to place the Java Heap above 4GB virtual address.
# This output file may be truncated or incomplete.
#
#  Out of Memory Error (os_windows.cpp:3769), pid=11868, tid=8068
#
# JRE version: OpenJDK Runtime Environment (17.0.6) (build 17.0.6+0-b2043.56-10027231)
# Java VM: OpenJDK 64-Bit Server VM (17.0.6+0-b2043.56-10027231, mixed mode, tiered, compressed oops, compressed class ptrs, g1 gc, windows-amd64)
# No core dump will be written. Minidumps are not enabled by default on client versions of Windows
#

---------------  S U M M A R Y ------------

Command Line: --add-opens=java.base/java.util=ALL-UNNAMED --add-opens=java.base/java.lang=ALL-UNNAMED --add-opens=java.base/java.lang.invoke=ALL-UNNAMED --add-opens=java.prefs/java.util.prefs=ALL-UNNAMED --add-opens=java.base/java.nio.charset=ALL-UNNAMED --add-opens=java.base/java.net=ALL-UNNAMED --add-opens=java.base/java.util.concurrent.atomic=ALL-UNNAMED -Xmx2048m -Dfile.encoding=UTF-8 -Duser.country=RU -Duser.language=ru -Duser.variant org.gradle.launcher.daemon.bootstrap.GradleDaemon 8.0

Host: AMD Athlon(tm) X4 840 Quad Core Processor      , 4 cores, 7G,  Windows 10 , 64 bit Build 19041 (10.0.19041.3636)
Time: Tue Nov 28 19:08:11 2023 RTZ 2 (s 10 , 64 bit Build 19041 (10.0.19041.3636) elapsed time: 87.526253 seconds (0d 0h 1m 27s)

---------------  T H R E A D  ---------------

Current thread (0x000002426394f880):  VMThread "VM Thread" [stack: 0x00000051e8800000,0x00000051e8900000] [id=8068]

Stack: [0x00000051e8800000,0x00000051e8900000]
Native frames: (J=compiled Java code, j=interpreted, Vv=VM code, C=native code)
V  [jvm.dll+0x683c9a]
V  [jvm.dll+0x8427a4]
V  [jvm.dll+0x843f9e]
V  [jvm.dll+0x844603]
V  [jvm.dll+0x249b75]
V  [jvm.dll+0x680b69]
V  [jvm.dll+0x67505a]
V  [jvm.dll+0x309acb]
V  [jvm.dll+0x310f86]
V  [jvm.dll+0x3608ee]
V  [jvm.dll+0x360b1f]
V  [jvm.dll+0x2dfbf8]
V  [jvm.dll+0x2ddec4]
V  [jvm.dll+0x2dd4cc]
V  [jvm.dll+0x321f3b]
V  [jvm.dll+0x848ccb]
V  [jvm.dll+0x849a04]
V  [jvm.dll+0x849f1d]
V  [jvm.dll+0x84a2f4]
V  [jvm.dll+0x84a3c0]
V  [jvm.dll+0x7f274a]
V  [jvm.dll+0x682ad5]
C  [ucrtbase.dll+0x21bb2]
C  [KERNEL32.DLL+0x17344]
C  [ntdll.dll+0x526b1]

VM_Operation (0x00000051e9ef3280): G1CollectForAllocation, mode: safepoint, requested by thread 0x0000024265539e70


---------------  P R O C E S S  ---------------

Threads class SMR info:
_java_thread_list=0x0000024267147270, length=81, elements={
0x000002424a37da00, 0x0000024263973620, 0x00000242639744e0, 0x000002426397dff0,
0x00000242639818d0, 0x0000024263982190, 0x0000024263982a50, 0x0000024264424f10,
0x000002426398b070, 0x000002426398e6c0, 0x00000242645a5030, 0x00000242645a5910,
0x0000024266ea0f90, 0x000002426477c4e0, 0x000002426591f070, 0x0000024266a0e2c0,
0x0000024265695010, 0x00000242654e0e30, 0x0000024265539e70, 0x0000024265505d80,
0x0000024265504f10, 0x00000242655058b0, 0x0000024265506250, 0x00000242655070c0,
0x0000024265503bd0, 0x00000242655040a0, 0x0000024265504570, 0x0000024265504a40,
0x0000024265506720, 0x0000024265506bf0, 0x00000242668e48f0, 0x00000242668e4dc0,
0x00000242668e2740, 0x00000242668e5290, 0x00000242668e5760, 0x00000242668e6aa0,
0x00000242668e7910, 0x00000242668e5c30, 0x00000242668e3f50, 0x00000242668e6100,
0x00000242668e2270, 0x00000242668e00c0, 0x00000242668e6f70, 0x00000242668e30e0,
0x00000242668e35b0, 0x00000242668e7440, 0x00000242668e0590, 0x00000242668e3a80,
0x00000242668e4420, 0x000002426a3b4720, 0x000002426a3ba760, 0x000002426a3b5a60,
0x000002426a3b9420, 0x000002426a3b98f0, 0x000002426a3b80e0, 0x000002426a3b5f30,
0x000002426a3b7c10, 0x000002426a3b4bf0, 0x000002426a3bbf70, 0x000002426a3b9dc0,
0x000002426a3bac30, 0x000002426a3b85b0, 0x000002426a3b68d0, 0x000002426a3bb100,
0x000002426a3b6400, 0x000002426a3b6da0, 0x000002426a3b50c0, 0x000002426a3b7270,
0x000002426a3b7740, 0x000002426a3b8a80, 0x000002426a3b5590, 0x000002426a3b8f50,
0x000002426a3ba290, 0x000002426a3bb5d0, 0x000002426a3bbaa0, 0x000002426581c4f0,
0x000002426581eb70, 0x000002426581f9e0, 0x000002426581ace0, 0x0000024265820d20,
0x0000024265820380
}

Java Threads: ( => current thread )
  0x000002424a37da00 JavaThread "main" [_thread_blocked, id=13044, stack(0x00000051e8200000,0x00000051e8300000)]
  0x0000024263973620 JavaThread "Reference Handler" daemon [_thread_blocked, id=6584, stack(0x00000051e8900000,0x00000051e8a00000)]
  0x00000242639744e0 JavaThread "Finalizer" daemon [_thread_blocked, id=2344, stack(0x00000051e8a00000,0x00000051e8b00000)]
  0x000002426397dff0 JavaThread "Signal Dispatcher" daemon [_thread_blocked, id=10752, stack(0x00000051e8b00000,0x00000051e8c00000)]
  0x00000242639818d0 JavaThread "Attach Listener" daemon [_thread_blocked, id=7756, stack(0x00000051e8c00000,0x00000051e8d00000)]
  0x0000024263982190 JavaThread "Service Thread" daemon [_thread_blocked, id=9168, stack(0x00000051e8d00000,0x00000051e8e00000)]
  0x0000024263982a50 JavaThread "Monitor Deflation Thread" daemon [_thread_blocked, id=12332, stack(0x00000051e8e00000,0x00000051e8f00000)]
  0x0000024264424f10 JavaThread "C2 CompilerThread0" daemon [_thread_blocked, id=9348, stack(0x00000051e8f00000,0x00000051e9000000)]
  0x000002426398b070 JavaThread "C1 CompilerThread0" daemon [_thread_blocked, id=12708, stack(0x00000051e9000000,0x00000051e9100000)]
  0x000002426398e6c0 JavaThread "Sweeper thread" daemon [_thread_blocked, id=4084, stack(0x00000051e9100000,0x00000051e9200000)]
  0x00000242645a5030 JavaThread "Common-Cleaner" daemon [_thread_blocked, id=12448, stack(0x00000051e9200000,0x00000051e9300000)]
  0x00000242645a5910 JavaThread "Notification Thread" daemon [_thread_blocked, id=3484, stack(0x00000051e9300000,0x00000051e9400000)]
  0x0000024266ea0f90 JavaThread "Daemon health stats" [_thread_blocked, id=2928, stack(0x00000051e9800000,0x00000051e9900000)]
  0x000002426477c4e0 JavaThread "Incoming local TCP Connector on port 62163" [_thread_in_native, id=5956, stack(0x00000051e9900000,0x00000051e9a00000)]
  0x000002426591f070 JavaThread "Daemon periodic checks" [_thread_blocked, id=3800, stack(0x00000051e9a00000,0x00000051e9b00000)]
  0x0000024266a0e2c0 JavaThread "Daemon" [_thread_blocked, id=10984, stack(0x00000051e9b00000,0x00000051e9c00000)]
  0x0000024265695010 JavaThread "Handler for socket connection from /127.0.0.1:62163 to /127.0.0.1:62164" [_thread_in_native, id=13112, stack(0x00000051e9c00000,0x00000051e9d00000)]
  0x00000242654e0e30 JavaThread "Cancel handler" [_thread_blocked, id=12688, stack(0x00000051e9d00000,0x00000051e9e00000)]
  0x0000024265539e70 JavaThread "Daemon worker" [_thread_blocked, id=13104, stack(0x00000051e9e00000,0x00000051e9f00000)]
  0x0000024265505d80 JavaThread "Asynchronous log dispatcher for DefaultDaemonConnection: socket connection from /127.0.0.1:62163 to /127.0.0.1:62164" [_thread_blocked, id=12632, stack(0x00000051e9f00000,0x00000051ea000000)]
  0x0000024265504f10 JavaThread "Daemon client event forwarder" [_thread_blocked, id=12556, stack(0x00000051ea100000,0x00000051ea200000)]
  0x00000242655058b0 JavaThread "Cache worker for journal cache (C:\Users\Olya\.gradle\caches\journal-1)" [_thread_blocked, id=11740, stack(0x00000051ea200000,0x00000051ea300000)]
  0x0000024265506250 JavaThread "File lock request listener" [_thread_in_native, id=12904, stack(0x00000051ea300000,0x00000051ea400000)]
  0x00000242655070c0 JavaThread "Cache worker for file hash cache (C:\Users\Olya\.gradle\caches\8.0\fileHashes)" [_thread_blocked, id=10436, stack(0x00000051ea400000,0x00000051ea500000)]
  0x0000024265503bd0 JavaThread "File watcher server" daemon [_thread_in_native, id=11016, stack(0x00000051ea500000,0x00000051ea600000)]
  0x00000242655040a0 JavaThread "File watcher consumer" daemon [_thread_blocked, id=3908, stack(0x00000051ea600000,0x00000051ea700000)]
  0x0000024265504570 JavaThread "Cache worker for checksums cache (D:\AndroidStudioProjects\YP\BrainBoost\BrainBoost\.gradle\8.0\checksums)" [_thread_blocked, id=2920, stack(0x00000051ea700000,0x00000051ea800000)]
  0x0000024265504a40 JavaThread "Cache worker for cache directory md-rule (C:\Users\Olya\.gradle\caches\8.0\md-rule)" [_thread_blocked, id=6508, stack(0x00000051ea800000,0x00000051ea900000)]
  0x0000024265506720 JavaThread "Cache worker for file content cache (C:\Users\Olya\.gradle\caches\8.0\fileContent)" [_thread_blocked, id=11804, stack(0x00000051ea900000,0x00000051eaa00000)]
  0x0000024265506bf0 JavaThread "Cache worker for file hash cache (D:\AndroidStudioProjects\YP\BrainBoost\BrainBoost\.gradle\8.0\fileHashes)" [_thread_blocked, id=12476, stack(0x00000051eaa00000,0x00000051eab00000)]
  0x00000242668e48f0 JavaThread "Cache worker for cache directory md-supplier (C:\Users\Olya\.gradle\caches\8.0\md-supplier)" [_thread_blocked, id=9864, stack(0x00000051eab00000,0x00000051eac00000)]
  0x00000242668e4dc0 JavaThread "Cache worker for execution history cache (C:\Users\Olya\.gradle\caches\8.0\executionHistory)" [_thread_blocked, id=12640, stack(0x00000051eac00000,0x00000051ead00000)]
  0x00000242668e2740 JavaThread "jar transforms" [_thread_blocked, id=12784, stack(0x00000051ead00000,0x00000051eae00000)]
  0x00000242668e5290 JavaThread "jar transforms Thread 2" [_thread_blocked, id=8632, stack(0x00000051eaf00000,0x00000051eb000000)]
  0x00000242668e5760 JavaThread "Cache worker for kotlin-dsl (C:\Users\Olya\.gradle\caches\8.0\kotlin-dsl)" [_thread_blocked, id=11256, stack(0x00000051eae00000,0x00000051eaf00000)]
  0x00000242668e6aa0 JavaThread "jar transforms Thread 3" [_thread_blocked, id=12672, stack(0x00000051eb000000,0x00000051eb100000)]
  0x00000242668e7910 JavaThread "jar transforms Thread 4" [_thread_blocked, id=9868, stack(0x00000051eb100000,0x00000051eb200000)]
  0x00000242668e5c30 JavaThread "Cache worker for dependencies-accessors (D:\AndroidStudioProjects\YP\BrainBoost\BrainBoost\.gradle\8.0\dependencies-accessors)" [_thread_blocked, id=12536, stack(0x00000051eb200000,0x00000051eb300000)]
  0x00000242668e3f50 JavaThread "Cache worker for Build Output Cleanup Cache (D:\AndroidStudioProjects\YP\BrainBoost\BrainBoost\.gradle\buildOutputCleanup)" [_thread_blocked, id=13176, stack(0x00000051eb300000,0x00000051eb400000)]
  0x00000242668e6100 JavaThread "Unconstrained build operations" [_thread_blocked, id=2304, stack(0x00000051eb600000,0x00000051eb700000)]
  0x00000242668e2270 JavaThread "Unconstrained build operations Thread 2" [_thread_blocked, id=7316, stack(0x00000051eb700000,0x00000051eb800000)]
  0x00000242668e00c0 JavaThread "Unconstrained build operations Thread 3" [_thread_blocked, id=12684, stack(0x00000051eb800000,0x00000051eb900000)]
  0x00000242668e6f70 JavaThread "Unconstrained build operations Thread 4" [_thread_blocked, id=1724, stack(0x00000051eb900000,0x00000051eba00000)]
  0x00000242668e30e0 JavaThread "Unconstrained build operations Thread 5" [_thread_blocked, id=6116, stack(0x00000051eba00000,0x00000051ebb00000)]
  0x00000242668e35b0 JavaThread "Unconstrained build operations Thread 6" [_thread_blocked, id=4996, stack(0x00000051ebb00000,0x00000051ebc00000)]
  0x00000242668e7440 JavaThread "Unconstrained build operations Thread 7" [_thread_blocked, id=416, stack(0x00000051ebc00000,0x00000051ebd00000)]
  0x00000242668e0590 JavaThread "Unconstrained build operations Thread 8" [_thread_blocked, id=12884, stack(0x00000051ebd00000,0x00000051ebe00000)]
  0x00000242668e3a80 JavaThread "Unconstrained build operations Thread 9" [_thread_blocked, id=12852, stack(0x00000051ebe00000,0x00000051ebf00000)]
  0x00000242668e4420 JavaThread "Unconstrained build operations Thread 10" [_thread_blocked, id=13144, stack(0x00000051ebf00000,0x00000051ec000000)]
  0x000002426a3b4720 JavaThread "Unconstrained build operations Thread 11" [_thread_blocked, id=13012, stack(0x00000051ec000000,0x00000051ec100000)]
  0x000002426a3ba760 JavaThread "Unconstrained build operations Thread 12" [_thread_blocked, id=8684, stack(0x00000051ec100000,0x00000051ec200000)]
  0x000002426a3b5a60 JavaThread "Unconstrained build operations Thread 13" [_thread_blocked, id=10976, stack(0x00000051ec200000,0x00000051ec300000)]
  0x000002426a3b9420 JavaThread "Unconstrained build operations Thread 14" [_thread_blocked, id=12744, stack(0x00000051ec300000,0x00000051ec400000)]
  0x000002426a3b98f0 JavaThread "Unconstrained build operations Thread 15" [_thread_blocked, id=6868, stack(0x00000051ec400000,0x00000051ec500000)]
  0x000002426a3b80e0 JavaThread "Unconstrained build operations Thread 16" [_thread_blocked, id=7204, stack(0x00000051ec500000,0x00000051ec600000)]
  0x000002426a3b5f30 JavaThread "Unconstrained build operations Thread 17" [_thread_blocked, id=12364, stack(0x00000051ec600000,0x00000051ec700000)]
  0x000002426a3b7c10 JavaThread "Unconstrained build operations Thread 18" [_thread_blocked, id=2308, stack(0x00000051ec700000,0x00000051ec800000)]
  0x000002426a3b4bf0 JavaThread "Unconstrained build operations Thread 19" [_thread_blocked, id=5444, stack(0x00000051ec800000,0x00000051ec900000)]
  0x000002426a3bbf70 JavaThread "Unconstrained build operations Thread 20" [_thread_blocked, id=5272, stack(0x00000051ec900000,0x00000051eca00000)]
  0x000002426a3b9dc0 JavaThread "Unconstrained build operations Thread 21" [_thread_blocked, id=3772, stack(0x00000051eca00000,0x00000051ecb00000)]
  0x000002426a3bac30 JavaThread "Unconstrained build operations Thread 22" [_thread_blocked, id=6000, stack(0x00000051ecb00000,0x00000051ecc00000)]
  0x000002426a3b85b0 JavaThread "Unconstrained build operations Thread 23" [_thread_blocked, id=7864, stack(0x00000051ecc00000,0x00000051ecd00000)]
  0x000002426a3b68d0 JavaThread "Unconstrained build operations Thread 24" [_thread_blocked, id=12808, stack(0x00000051ecd00000,0x00000051ece00000)]
  0x000002426a3bb100 JavaThread "Unconstrained build operations Thread 25" [_thread_blocked, id=12588, stack(0x00000051ece00000,0x00000051ecf00000)]
  0x000002426a3b6400 JavaThread "Unconstrained build operations Thread 26" [_thread_blocked, id=13308, stack(0x00000051ecf00000,0x00000051ed000000)]
  0x000002426a3b6da0 JavaThread "Unconstrained build operations Thread 27" [_thread_blocked, id=8084, stack(0x00000051ed000000,0x00000051ed100000)]
  0x000002426a3b50c0 JavaThread "Unconstrained build operations Thread 28" [_thread_blocked, id=8668, stack(0x00000051ed100000,0x00000051ed200000)]
  0x000002426a3b7270 JavaThread "Unconstrained build operations Thread 29" [_thread_blocked, id=11520, stack(0x00000051ed200000,0x00000051ed300000)]
  0x000002426a3b7740 JavaThread "Unconstrained build operations Thread 30" [_thread_blocked, id=4648, stack(0x00000051ed300000,0x00000051ed400000)]
  0x000002426a3b8a80 JavaThread "Unconstrained build operations Thread 31" [_thread_blocked, id=6936, stack(0x00000051ed400000,0x00000051ed500000)]
  0x000002426a3b5590 JavaThread "Unconstrained build operations Thread 32" [_thread_blocked, id=12372, stack(0x00000051ed500000,0x00000051ed600000)]
  0x000002426a3b8f50 JavaThread "Unconstrained build operations Thread 33" [_thread_blocked, id=3144, stack(0x00000051ed600000,0x00000051ed700000)]
  0x000002426a3ba290 JavaThread "Unconstrained build operations Thread 34" [_thread_blocked, id=12424, stack(0x00000051ed700000,0x00000051ed800000)]
  0x000002426a3bb5d0 JavaThread "Unconstrained build operations Thread 35" [_thread_blocked, id=12772, stack(0x00000051ed800000,0x00000051ed900000)]
  0x000002426a3bbaa0 JavaThread "Unconstrained build operations Thread 36" [_thread_blocked, id=6708, stack(0x00000051ed900000,0x00000051eda00000)]
  0x000002426581c4f0 JavaThread "Unconstrained build operations Thread 37" [_thread_blocked, id=312, stack(0x00000051eda00000,0x00000051edb00000)]
  0x000002426581eb70 JavaThread "Unconstrained build operations Thread 38" [_thread_blocked, id=12628, stack(0x00000051edb00000,0x00000051edc00000)]
  0x000002426581f9e0 JavaThread "Unconstrained build operations Thread 39" [_thread_blocked, id=6808, stack(0x00000051edc00000,0x00000051edd00000)]
  0x000002426581ace0 JavaThread "Unconstrained build operations Thread 40" [_thread_blocked, id=12820, stack(0x00000051edd00000,0x00000051ede00000)]
  0x0000024265820d20 JavaThread "build event listener" [_thread_blocked, id=12736, stack(0x00000051e7f00000,0x00000051e8000000)]
  0x0000024265820380 JavaThread "Memory manager" [_thread_blocked, id=8388, stack(0x00000051e8000000,0x00000051e8100000)]

Other Threads:
=>0x000002426394f880 VMThread "VM Thread" [stack: 0x00000051e8800000,0x00000051e8900000] [id=8068]
  0x000002424a3fc8a0 WatcherThread [stack: 0x00000051e9400000,0x00000051e9500000] [id=11392]
  0x000002424a3d8fd0 GCTaskThread "GC Thread#0" [stack: 0x00000051e8300000,0x00000051e8400000] [id=8456]
  0x000002426497d900 GCTaskThread "GC Thread#1" [stack: 0x00000051e9500000,0x00000051e9600000] [id=9020]
  0x0000024264dc7eb0 GCTaskThread "GC Thread#2" [stack: 0x00000051e9600000,0x00000051e9700000] [id=2832]
  0x0000024264ffe860 GCTaskThread "GC Thread#3" [stack: 0x00000051e9700000,0x00000051e9800000] [id=11576]
  0x000002424a3eb5d0 ConcurrentGCThread "G1 Main Marker" [stack: 0x00000051e8400000,0x00000051e8500000] [id=9332]
  0x000002424a3ebef0 ConcurrentGCThread "G1 Conc#0" [stack: 0x00000051e8500000,0x00000051e8600000] [id=5752]
  0x00000242637b00a0 ConcurrentGCThread "G1 Refine#0" [stack: 0x00000051e8600000,0x00000051e8700000] [id=6148]
  0x00000242637b08d0 ConcurrentGCThread "G1 Service" [stack: 0x00000051e8700000,0x00000051e8800000] [id=9984]

Threads with active compile tasks:

VM state: at safepoint (normal execution)

VM Mutex/Monitor currently owned by a thread:  ([mutex/lock_event])
[0x000002424a3783c0] Threads_lock - owner thread: 0x000002426394f880
[0x000002424a3788d0] Heap_lock - owner thread: 0x0000024265539e70

Heap address: 0x0000000080000000, size: 2048 MB, Compressed Oops mode: 32-bit

CDS archive(s) not mapped
Compressed class space mapped at: 0x0000000100000000-0x0000000140000000, reserved size: 1073741824
Narrow klass base: 0x0000000000000000, Narrow klass shift: 3, Narrow klass range: 0x140000000

GC Precious Log:
 CPUs: 4 total, 4 available
 Memory: 8152M
 Large Page Support: Disabled
 NUMA Support: Disabled
 Compressed Oops: Enabled (32-bit)
 Heap Region Size: 1M
 Heap Min Capacity: 8M
 Heap Initial Capacity: 128M
 Heap Max Capacity: 2G
 Pre-touch: Disabled
 Parallel Workers: 4
 Concurrent Workers: 1
 Concurrent Refinement Workers: 4
 Periodic GC: Disabled

Heap:
 garbage-first heap   total 97280K, used 63127K [0x0000000080000000, 0x0000000100000000)
  region size 1024K, 3 young (3072K), 3 survivors (3072K)
 Metaspace       used 65544K, committed 66112K, reserved 1114112K
  class space    used 8690K, committed 8960K, reserved 1048576K

Heap Regions: E=young(eden), S=young(survivor), O=old, HS=humongous(starts), HC=humongous(continues), CS=collection set, F=free, OA=open archive, CA=closed archive, TAMS=top-at-mark-start (previous, next)
|   0|0x0000000080000000, 0x0000000080100000, 0x0000000080100000|100%| O|  |TAMS 0x0000000080100000, 0x0000000080000000| Untracked 
|   1|0x0000000080100000, 0x0000000080200000, 0x0000000080200000|100%| O|  |TAMS 0x0000000080200000, 0x0000000080100000| Untracked 
|   2|0x0000000080200000, 0x0000000080300000, 0x0000000080300000|100%|HS|  |TAMS 0x0000000080300000, 0x0000000080200000| Complete 
|   3|0x0000000080300000, 0x0000000080400000, 0x0000000080400000|100%|HC|  |TAMS 0x0000000080400000, 0x0000000080300000| Complete 
|   4|0x0000000080400000, 0x0000000080500000, 0x0000000080500000|100%|HC|  |TAMS 0x0000000080500000, 0x0000000080400000| Complete 
|   5|0x0000000080500000, 0x0000000080600000, 0x0000000080600000|100%|HC|  |TAMS 0x0000000080600000, 0x0000000080500000| Complete 
|   6|0x0000000080600000, 0x0000000080700000, 0x0000000080700000|100%| O|  |TAMS 0x0000000080700000, 0x0000000080600000| Untracked 
|   7|0x0000000080700000, 0x0000000080800000, 0x0000000080800000|100%| O|  |TAMS 0x0000000080800000, 0x0000000080700000| Untracked 
|   8|0x0000000080800000, 0x0000000080900000, 0x0000000080900000|100%| O|  |TAMS 0x0000000080900000, 0x0000000080800000| Untracked 
|   9|0x0000000080900000, 0x0000000080a00000, 0x0000000080a00000|100%| O|  |TAMS 0x0000000080a00000, 0x0000000080900000| Untracked 
|  10|0x0000000080a00000, 0x0000000080b00000, 0x0000000080b00000|100%| O|  |TAMS 0x0000000080b00000, 0x0000000080a00000| Untracked 
|  11|0x0000000080b00000, 0x0000000080c00000, 0x0000000080c00000|100%| O|  |TAMS 0x0000000080c00000, 0x0000000080b00000| Untracked 
|  12|0x0000000080c00000, 0x0000000080d00000, 0x0000000080d00000|100%| O|  |TAMS 0x0000000080d00000, 0x0000000080c00000| Untracked 
|  13|0x0000000080d00000, 0x0000000080e00000, 0x0000000080e00000|100%| O|  |TAMS 0x0000000080e00000, 0x0000000080d00000| Untracked 
|  14|0x0000000080e00000, 0x0000000080f00000, 0x0000000080f00000|100%| O|  |TAMS 0x0000000080f00000, 0x0000000080e00000| Untracked 
|  15|0x0000000080f00000, 0x0000000081000000, 0x0000000081000000|100%| O|  |TAMS 0x0000000081000000, 0x0000000080f00000| Untracked 
|  16|0x0000000081000000, 0x0000000081100000, 0x0000000081100000|100%| O|  |TAMS 0x0000000081100000, 0x0000000081000000| Untracked 
|  17|0x0000000081100000, 0x0000000081200000, 0x0000000081200000|100%| O|  |TAMS 0x0000000081200000, 0x0000000081100000| Untracked 
|  18|0x0000000081200000, 0x0000000081300000, 0x0000000081300000|100%| O|  |TAMS 0x0000000081300000, 0x0000000081200000| Untracked 
|  19|0x0000000081300000, 0x0000000081400000, 0x0000000081400000|100%| O|  |TAMS 0x0000000081400000, 0x0000000081300000| Untracked 
|  20|0x0000000081400000, 0x0000000081400000, 0x0000000081500000|  0%| F|  |TAMS 0x0000000081400000, 0x0000000081400000| Untracked 
|  21|0x0000000081500000, 0x0000000081600000, 0x0000000081600000|100%| O|  |TAMS 0x0000000081600000, 0x0000000081500000| Untracked 
|  22|0x0000000081600000, 0x0000000081700000, 0x0000000081700000|100%| O|  |TAMS 0x0000000081700000, 0x0000000081600000| Untracked 
|  23|0x0000000081700000, 0x0000000081800000, 0x0000000081800000|100%|HS|  |TAMS 0x0000000081700000, 0x0000000081700000| Complete 
|  24|0x0000000081800000, 0x0000000081900000, 0x0000000081900000|100%| O|  |TAMS 0x0000000081900000, 0x0000000081800000| Untracked 
|  25|0x0000000081900000, 0x0000000081a00000, 0x0000000081a00000|100%| O|  |TAMS 0x0000000081a00000, 0x0000000081900000| Untracked 
|  26|0x0000000081a00000, 0x0000000081b00000, 0x0000000081b00000|100%| O|  |TAMS 0x0000000081a4f000, 0x0000000081a00000| Untracked 
|  27|0x0000000081b00000, 0x0000000081c00000, 0x0000000081c00000|100%| O|  |TAMS 0x0000000081c00000, 0x0000000081b00000| Untracked 
|  28|0x0000000081c00000, 0x0000000081d00000, 0x0000000081d00000|100%| O|  |TAMS 0x0000000081d00000, 0x0000000081c00000| Untracked 
|  29|0x0000000081d00000, 0x0000000081e00000, 0x0000000081e00000|100%| O|  |TAMS 0x0000000081e00000, 0x0000000081d00000| Untracked 
|  30|0x0000000081e00000, 0x0000000081f00000, 0x0000000081f00000|100%| O|  |TAMS 0x0000000081f00000, 0x0000000081e00000| Untracked 
|  31|0x0000000081f00000, 0x0000000082000000, 0x0000000082000000|100%| O|  |TAMS 0x0000000082000000, 0x0000000081f00000| Untracked 
|  32|0x0000000082000000, 0x0000000082100000, 0x0000000082100000|100%| O|  |TAMS 0x0000000082100000, 0x0000000082000000| Untracked 
|  33|0x0000000082100000, 0x0000000082200000, 0x0000000082200000|100%| O|  |TAMS 0x0000000082200000, 0x0000000082100000| Untracked 
|  34|0x0000000082200000, 0x0000000082300000, 0x0000000082300000|100%| O|  |TAMS 0x0000000082300000, 0x0000000082200000| Untracked 
|  35|0x0000000082300000, 0x0000000082400000, 0x0000000082400000|100%| O|  |TAMS 0x0000000082400000, 0x0000000082300000| Untracked 
|  36|0x0000000082400000, 0x0000000082500000, 0x0000000082500000|100%|HS|  |TAMS 0x0000000082500000, 0x0000000082400000| Complete 
|  37|0x0000000082500000, 0x0000000082600000, 0x0000000082600000|100%|HS|  |TAMS 0x0000000082600000, 0x0000000082500000| Complete 
|  38|0x0000000082600000, 0x0000000082700000, 0x0000000082700000|100%|HS|  |TAMS 0x0000000082700000, 0x0000000082600000| Complete 
|  39|0x0000000082700000, 0x0000000082800000, 0x0000000082800000|100%|HC|  |TAMS 0x0000000082800000, 0x0000000082700000| Complete 
|  40|0x0000000082800000, 0x0000000082900000, 0x0000000082900000|100%|HS|  |TAMS 0x0000000082900000, 0x0000000082800000| Complete 
|  41|0x0000000082900000, 0x0000000082a00000, 0x0000000082a00000|100%|HS|  |TAMS 0x0000000082a00000, 0x0000000082900000| Complete 
|  42|0x0000000082a00000, 0x0000000082b00000, 0x0000000082b00000|100%|HC|  |TAMS 0x0000000082b00000, 0x0000000082a00000| Complete 
|  43|0x0000000082b00000, 0x0000000082c00000, 0x0000000082c00000|100%|HC|  |TAMS 0x0000000082c00000, 0x0000000082b00000| Complete 
|  44|0x0000000082c00000, 0x0000000082d00000, 0x0000000082d00000|100%|HC|  |TAMS 0x0000000082d00000, 0x0000000082c00000| Complete 
|  45|0x0000000082d00000, 0x0000000082e00000, 0x0000000082e00000|100%| O|  |TAMS 0x0000000082e00000, 0x0000000082d00000| Untracked 
|  46|0x0000000082e00000, 0x0000000082f00000, 0x0000000082f00000|100%| O|  |TAMS 0x0000000082f00000, 0x0000000082e00000| Untracked 
|  47|0x0000000082f00000, 0x0000000083000000, 0x0000000083000000|100%| O|  |TAMS 0x0000000082f00000, 0x0000000082f00000| Untracked 
|  48|0x0000000083000000, 0x0000000083100000, 0x0000000083100000|100%| O|  |TAMS 0x0000000083000000, 0x0000000083000000| Untracked 
|  49|0x0000000083100000, 0x0000000083200000, 0x0000000083200000|100%| O|  |TAMS 0x0000000083200000, 0x0000000083100000| Untracked 
|  50|0x0000000083200000, 0x0000000083300000, 0x0000000083300000|100%| O|  |TAMS 0x0000000083300000, 0x0000000083200000| Untracked 
|  51|0x0000000083300000, 0x0000000083400000, 0x0000000083400000|100%| O|  |TAMS 0x0000000083400000, 0x0000000083300000| Untracked 
|  52|0x0000000083400000, 0x0000000083500000, 0x0000000083500000|100%| O|  |TAMS 0x0000000083500000, 0x0000000083400000| Untracked 
|  53|0x0000000083500000, 0x0000000083600000, 0x0000000083600000|100%| O|  |TAMS 0x0000000083600000, 0x0000000083500000| Untracked 
|  54|0x0000000083600000, 0x00000000836d0e00, 0x0000000083700000| 81%| O|  |TAMS 0x0000000083600000, 0x0000000083600000| Untracked 
|  55|0x0000000083700000, 0x0000000083800000, 0x0000000083800000|100%|HS|  |TAMS 0x0000000083700000, 0x0000000083700000| Complete 
|  56|0x0000000083800000, 0x0000000083900000, 0x0000000083900000|100%|HS|  |TAMS 0x0000000083800000, 0x0000000083800000| Complete 
|  57|0x0000000083900000, 0x0000000083900000, 0x0000000083a00000|  0%| F|  |TAMS 0x0000000083900000, 0x0000000083900000| Untracked 
|  58|0x0000000083a00000, 0x0000000083b00000, 0x0000000083b00000|100%|HS|  |TAMS 0x0000000083a00000, 0x0000000083a00000| Complete 
|  59|0x0000000083b00000, 0x0000000083b00000, 0x0000000083c00000|  0%| F|  |TAMS 0x0000000083b00000, 0x0000000083b00000| Untracked 
|  60|0x0000000083c00000, 0x0000000083c00000, 0x0000000083d00000|  0%| F|  |TAMS 0x0000000083c00000, 0x0000000083c00000| Untracked 
|  61|0x0000000083d00000, 0x0000000083d00000, 0x0000000083e00000|  0%| F|  |TAMS 0x0000000083d00000, 0x0000000083d00000| Untracked 
|  62|0x0000000083e00000, 0x0000000083e00000, 0x0000000083f00000|  0%| F|  |TAMS 0x0000000083e00000, 0x0000000083e00000| Untracked 
|  63|0x0000000083f00000, 0x0000000083f00000, 0x0000000084000000|  0%| F|  |TAMS 0x0000000083f00000, 0x0000000083f00000| Untracked 
|  64|0x0000000084000000, 0x0000000084000000, 0x0000000084100000|  0%| F|  |TAMS 0x0000000084000000, 0x0000000084000000| Untracked 
|  65|0x0000000084100000, 0x0000000084100000, 0x0000000084200000|  0%| F|  |TAMS 0x0000000084100000, 0x0000000084100000| Untracked 
|  66|0x0000000084200000, 0x0000000084200000, 0x0000000084300000|  0%| F|  |TAMS 0x0000000084200000, 0x0000000084200000| Untracked 
|  67|0x0000000084300000, 0x0000000084300000, 0x0000000084400000|  0%| F|  |TAMS 0x0000000084300000, 0x0000000084300000| Untracked 
|  68|0x0000000084400000, 0x00000000844d4e00, 0x0000000084500000| 83%| S|CS|TAMS 0x0000000084400000, 0x0000000084400000| Complete 
|  69|0x0000000084500000, 0x0000000084600000, 0x0000000084600000|100%| S|CS|TAMS 0x0000000084500000, 0x0000000084500000| Complete 
|  70|0x0000000084600000, 0x0000000084700000, 0x0000000084700000|100%| S|CS|TAMS 0x0000000084600000, 0x0000000084600000| Complete 
|  71|0x0000000084700000, 0x0000000084700000, 0x0000000084800000|  0%| F|  |TAMS 0x0000000084700000, 0x0000000084700000| Untracked 
|  72|0x0000000084800000, 0x0000000084800000, 0x0000000084900000|  0%| F|  |TAMS 0x0000000084800000, 0x0000000084800000| Untracked 
|  73|0x0000000084900000, 0x0000000084900000, 0x0000000084a00000|  0%| F|  |TAMS 0x0000000084900000, 0x0000000084900000| Untracked 
|  74|0x0000000084a00000, 0x0000000084a00000, 0x0000000084b00000|  0%| F|  |TAMS 0x0000000084a00000, 0x0000000084a00000| Untracked 
|  75|0x0000000084b00000, 0x0000000084b00000, 0x0000000084c00000|  0%| F|  |TAMS 0x0000000084b00000, 0x0000000084b00000| Untracked 
|  76|0x0000000084c00000, 0x0000000084c00000, 0x0000000084d00000|  0%| F|  |TAMS 0x0000000084c00000, 0x0000000084c00000| Untracked 
|  77|0x0000000084d00000, 0x0000000084d00000, 0x0000000084e00000|  0%| F|  |TAMS 0x0000000084d00000, 0x0000000084d00000| Untracked 
|  78|0x0000000084e00000, 0x0000000084e00000, 0x0000000084f00000|  0%| F|  |TAMS 0x0000000084e00000, 0x0000000084e00000| Untracked 
|  79|0x0000000084f00000, 0x0000000084f00000, 0x0000000085000000|  0%| F|  |TAMS 0x0000000084f00000, 0x0000000084f00000| Untracked 
|  80|0x0000000085000000, 0x0000000085000000, 0x0000000085100000|  0%| F|  |TAMS 0x0000000085000000, 0x0000000085000000| Untracked 
|  81|0x0000000085100000, 0x0000000085100000, 0x0000000085200000|  0%| F|  |TAMS 0x0000000085100000, 0x0000000085100000| Untracked 
|  82|0x0000000085200000, 0x0000000085200000, 0x0000000085300000|  0%| F|  |TAMS 0x0000000085200000, 0x0000000085200000| Untracked 
|  83|0x0000000085300000, 0x0000000085300000, 0x0000000085400000|  0%| F|  |TAMS 0x0000000085300000, 0x0000000085300000| Untracked 
|  84|0x0000000085400000, 0x0000000085400000, 0x0000000085500000|  0%| F|  |TAMS 0x0000000085400000, 0x0000000085400000| Untracked 
|  85|0x0000000085500000, 0x0000000085500000, 0x0000000085600000|  0%| F|  |TAMS 0x0000000085500000, 0x0000000085500000| Untracked 
|  86|0x0000000085600000, 0x0000000085600000, 0x0000000085700000|  0%| F|  |TAMS 0x0000000085600000, 0x0000000085600000| Untracked 
|  87|0x0000000085700000, 0x0000000085700000, 0x0000000085800000|  0%| F|  |TAMS 0x0000000085700000, 0x0000000085700000| Untracked 
|  88|0x0000000085800000, 0x0000000085800000, 0x0000000085900000|  0%| F|  |TAMS 0x0000000085800000, 0x0000000085800000| Untracked 
|  89|0x0000000085900000, 0x0000000085900000, 0x0000000085a00000|  0%| F|  |TAMS 0x0000000085900000, 0x0000000085900000| Untracked 
|  90|0x0000000085a00000, 0x0000000085a00000, 0x0000000085b00000|  0%| F|  |TAMS 0x0000000085a00000, 0x0000000085a00000| Untracked 
|  91|0x0000000085b00000, 0x0000000085b00000, 0x0000000085c00000|  0%| F|  |TAMS 0x0000000085b00000, 0x0000000085b00000| Untracked 
|  92|0x0000000085c00000, 0x0000000085c00000, 0x0000000085d00000|  0%| F|  |TAMS 0x0000000085c00000, 0x0000000085c00000| Untracked 
|2046|0x00000000ffe00000, 0x00000000fff00000, 0x00000000fff00000|100%| O|  |TAMS 0x00000000fff00000, 0x00000000ffe00000| Untracked 
|2047|0x00000000fff00000, 0x0000000100000000, 0x0000000100000000|100%| O|  |TAMS 0x0000000100000000, 0x00000000fff00000| Untracked 

Card table byte_map: [0x000002425cc50000,0x000002425d050000] _byte_map_base: 0x000002425c850000

Marking Bits (Prev, Next): (CMBitMap*) 0x000002424a3da540, (CMBitMap*) 0x000002424a3da500
 Prev Bits: [0x000002425f450000, 0x0000024261450000)
 Next Bits: [0x000002425d450000, 0x000002425f450000)

Polling page: 0x0000024248310000

Metaspace:

Usage:
  Non-class:     55.52 MB used.
      Class:      8.49 MB used.
       Both:     64.01 MB used.

Virtual space:
  Non-class space:       64.00 MB reserved,      55.81 MB ( 87%) committed,  8 nodes.
      Class space:        1.00 GB reserved,       8.75 MB ( <1%) committed,  1 nodes.
             Both:        1.06 GB reserved,      64.56 MB (  6%) committed. 

Chunk freelists:
   Non-Class:  3.69 MB
       Class:  3.06 MB
        Both:  6.75 MB

MaxMetaspaceSize: unlimited
CompressedClassSpaceSize: 1.00 GB
Initial GC threshold: 21.00 MB
Current GC threshold: 98.38 MB
CDS: off
MetaspaceReclaimPolicy: balanced
 - commit_granule_bytes: 65536.
 - commit_granule_words: 8192.
 - virtual_space_node_default_size: 1048576.
 - enlarge_chunks_in_place: 1.
 - new_chunks_are_fully_committed: 0.
 - uncommit_free_chunks: 1.
 - use_allocation_guard: 0.
 - handle_deallocations: 1.


Internal statistics:

num_allocs_failed_limit: 6.
num_arena_births: 708.
num_arena_deaths: 0.
num_vsnodes_births: 9.
num_vsnodes_deaths: 0.
num_space_committed: 1033.
num_space_uncommitted: 0.
num_chunks_returned_to_freelist: 6.
num_chunks_taken_from_freelist: 2848.
num_chunk_merges: 6.
num_chunk_splits: 1904.
num_chunks_enlarged: 1291.
num_purges: 0.
num_inconsistent_stats: 0.

CodeHeap 'non-profiled nmethods': size=120000Kb used=3170Kb max_used=3414Kb free=116829Kb
 bounds [0x0000024255320000, 0x0000024255680000, 0x000002425c850000]
CodeHeap 'profiled nmethods': size=120000Kb used=11227Kb max_used=12213Kb free=108772Kb
 bounds [0x000002424d850000, 0x000002424e440000, 0x0000024254d80000]
CodeHeap 'non-nmethods': size=5760Kb used=2348Kb max_used=2377Kb free=3411Kb
 bounds [0x0000024254d80000, 0x0000024254ff0000, 0x0000024255320000]
 total_blobs=6816 nmethods=5940 adapters=789
 compilation: enabled
              stopped_count=0, restarted_count=0
 full_count=0

Compilation events (20 events):
Event: 87.406 Thread 0x000002426398b070 6794       3       org.objectweb.asm.SymbolTable::put (150 bytes)
Event: 87.407 Thread 0x000002426398b070 nmethod 6794 0x000002424dd47310 code [0x000002424dd47500, 0x000002424dd47d58]
Event: 87.407 Thread 0x000002426398b070 6797       3       org.objectweb.asm.SymbolTable$Entry::<init> (17 bytes)
Event: 87.407 Thread 0x000002426398b070 nmethod 6797 0x000002424daa9c90 code [0x000002424daa9e40, 0x000002424daa9fc8]
Event: 87.407 Thread 0x000002426398b070 6795       1       org.objectweb.asm.SymbolTable::getMajorVersion (5 bytes)
Event: 87.407 Thread 0x000002426398b070 nmethod 6795 0x00000242553b4690 code [0x00000242553b4820, 0x00000242553b48f8]
Event: 87.408 Thread 0x000002426398b070 6798       3       org.objectweb.asm.ByteVector::put12 (64 bytes)
Event: 87.409 Thread 0x000002426398b070 nmethod 6798 0x000002424db1bc90 code [0x000002424db1be40, 0x000002424db1c068]
Event: 87.410 Thread 0x0000024264424f10 6799       4       org.objectweb.asm.Frame::getConcreteOutputType (111 bytes)
Event: 87.412 Thread 0x0000024264424f10 nmethod 6799 0x00000242553b4290 code [0x00000242553b4420, 0x00000242553b4558]
Event: 87.412 Thread 0x0000024264424f10 6800       4       org.gradle.model.internal.asm.MethodVisitorScope::<init> (8 bytes)
Event: 87.413 Thread 0x0000024264424f10 nmethod 6800 0x00000242553b3f90 code [0x00000242553b4100, 0x00000242553b4238]
Event: 87.414 Thread 0x0000024264424f10 6801       4       org.objectweb.asm.Attribute::computeAttributesSize (62 bytes)
Event: 87.416 Thread 0x0000024264424f10 nmethod 6801 0x00000242553b3b90 code [0x00000242553b3d20, 0x00000242553b3e28]
Event: 87.416 Thread 0x000002426398b070 6802       3       org.objectweb.asm.Type::getArgumentTypes (154 bytes)
Event: 87.418 Thread 0x0000024264424f10 6804       4       org.objectweb.asm.AnnotationWriter::putAnnotations (67 bytes)
Event: 87.419 Thread 0x000002426398b070 nmethod 6802 0x000002424dbba710 code [0x000002424dbbabe0, 0x000002424dbbd648]
Event: 87.419 Thread 0x000002426398b070 6803       3       org.objectweb.asm.Type::getInternalName (16 bytes)
Event: 87.420 Thread 0x000002426398b070 nmethod 6803 0x000002424db1b890 code [0x000002424db1ba40, 0x000002424db1bb88]
Event: 87.420 Thread 0x0000024264424f10 nmethod 6804 0x00000242553b3710 code [0x00000242553b38a0, 0x00000242553b39f8]

GC Heap History (20 events):
Event: 54.430 GC heap after
{Heap after GC invocations=20 (full 0):
 garbage-first heap   total 65536K, used 36726K [0x0000000080000000, 0x0000000100000000)
  region size 1024K, 3 young (3072K), 3 survivors (3072K)
 Metaspace       used 53044K, committed 53504K, reserved 1097728K
  class space    used 7092K, committed 7296K, reserved 1048576K
}
Event: 66.761 GC heap before
{Heap before GC invocations=20 (full 0):
 garbage-first heap   total 65536K, used 52086K [0x0000000080000000, 0x0000000100000000)
  region size 1024K, 19 young (19456K), 3 survivors (3072K)
 Metaspace       used 53500K, committed 54016K, reserved 1097728K
  class space    used 7137K, committed 7360K, reserved 1048576K
}
Event: 66.769 GC heap after
{Heap after GC invocations=21 (full 0):
 garbage-first heap   total 65536K, used 39149K [0x0000000080000000, 0x0000000100000000)
  region size 1024K, 3 young (3072K), 3 survivors (3072K)
 Metaspace       used 53500K, committed 54016K, reserved 1097728K
  class space    used 7137K, committed 7360K, reserved 1048576K
}
Event: 82.254 GC heap before
{Heap before GC invocations=22 (full 0):
 garbage-first heap   total 70656K, used 61677K [0x0000000080000000, 0x0000000100000000)
  region size 1024K, 16 young (16384K), 3 survivors (3072K)
 Metaspace       used 54029K, committed 54528K, reserved 1097728K
  class space    used 7204K, committed 7424K, reserved 1048576K
}
Event: 82.260 GC heap after
{Heap after GC invocations=23 (full 0):
 garbage-first heap   total 72704K, used 54507K [0x0000000080000000, 0x0000000100000000)
  region size 1024K, 2 young (2048K), 2 survivors (2048K)
 Metaspace       used 54029K, committed 54528K, reserved 1097728K
  class space    used 7204K, committed 7424K, reserved 1048576K
}
Event: 82.430 GC heap before
{Heap before GC invocations=23 (full 0):
 garbage-first heap   total 72704K, used 54507K [0x0000000080000000, 0x0000000100000000)
  region size 1024K, 3 young (3072K), 2 survivors (2048K)
 Metaspace       used 54192K, committed 54656K, reserved 1097728K
  class space    used 7216K, committed 7424K, reserved 1048576K
}
Event: 82.432 GC heap after
{Heap after GC invocations=24 (full 0):
 garbage-first heap   total 72704K, used 54390K [0x0000000080000000, 0x0000000100000000)
  region size 1024K, 1 young (1024K), 1 survivors (1024K)
 Metaspace       used 54192K, committed 54656K, reserved 1097728K
  class space    used 7216K, committed 7424K, reserved 1048576K
}
Event: 82.880 GC heap before
{Heap before GC invocations=24 (full 0):
 garbage-first heap   total 72704K, used 58486K [0x0000000080000000, 0x0000000100000000)
  region size 1024K, 6 young (6144K), 1 survivors (1024K)
 Metaspace       used 54857K, committed 55296K, reserved 1097728K
  class space    used 7307K, committed 7488K, reserved 1048576K
}
Event: 82.882 GC heap after
{Heap after GC invocations=25 (full 0):
 garbage-first heap   total 72704K, used 54334K [0x0000000080000000, 0x0000000100000000)
  region size 1024K, 1 young (1024K), 1 survivors (1024K)
 Metaspace       used 54857K, committed 55296K, reserved 1097728K
  class space    used 7307K, committed 7488K, reserved 1048576K
}
Event: 83.113 GC heap before
{Heap before GC invocations=26 (full 0):
 garbage-first heap   total 96256K, used 59454K [0x0000000080000000, 0x0000000100000000)
  region size 1024K, 6 young (6144K), 1 survivors (1024K)
 Metaspace       used 55504K, committed 56000K, reserved 1097728K
  class space    used 7405K, committed 7616K, reserved 1048576K
}
Event: 83.116 GC heap after
{Heap after GC invocations=27 (full 0):
 garbage-first heap   total 96256K, used 54486K [0x0000000080000000, 0x0000000100000000)
  region size 1024K, 1 young (1024K), 1 survivors (1024K)
 Metaspace       used 55504K, committed 56000K, reserved 1097728K
  class space    used 7405K, committed 7616K, reserved 1048576K
}
Event: 83.257 GC heap before
{Heap before GC invocations=27 (full 0):
 garbage-first heap   total 96256K, used 57558K [0x0000000080000000, 0x0000000100000000)
  region size 1024K, 4 young (4096K), 1 survivors (1024K)
 Metaspace       used 55904K, committed 56384K, reserved 1097728K
  class space    used 7464K, committed 7680K, reserved 1048576K
}
Event: 83.261 GC heap after
{Heap after GC invocations=28 (full 0):
 garbage-first heap   total 96256K, used 54108K [0x0000000080000000, 0x0000000100000000)
  region size 1024K, 1 young (1024K), 1 survivors (1024K)
 Metaspace       used 55904K, committed 56384K, reserved 1097728K
  class space    used 7464K, committed 7680K, reserved 1048576K
}
Event: 84.563 GC heap before
{Heap before GC invocations=28 (full 0):
 garbage-first heap   total 96256K, used 77660K [0x0000000080000000, 0x0000000100000000)
  region size 1024K, 24 young (24576K), 1 survivors (1024K)
 Metaspace       used 59746K, committed 60224K, reserved 1105920K
  class space    used 7918K, committed 8128K, reserved 1048576K
}
Event: 84.568 GC heap after
{Heap after GC invocations=29 (full 0):
 garbage-first heap   total 96256K, used 55012K [0x0000000080000000, 0x0000000100000000)
  region size 1024K, 2 young (2048K), 2 survivors (2048K)
 Metaspace       used 59746K, committed 60224K, reserved 1105920K
  class space    used 7918K, committed 8128K, reserved 1048576K
}
Event: 86.549 GC heap before
{Heap before GC invocations=30 (full 0):
 garbage-first heap   total 97280K, used 79588K [0x0000000080000000, 0x0000000100000000)
  region size 1024K, 25 young (25600K), 2 survivors (2048K)
 Metaspace       used 64195K, committed 64768K, reserved 1105920K
  class space    used 8513K, committed 8768K, reserved 1048576K
}
Event: 86.556 GC heap after
{Heap after GC invocations=31 (full 0):
 garbage-first heap   total 97280K, used 57660K [0x0000000080000000, 0x0000000100000000)
  region size 1024K, 3 young (3072K), 3 survivors (3072K)
 Metaspace       used 64195K, committed 64768K, reserved 1105920K
  class space    used 8513K, committed 8768K, reserved 1048576K
}
Event: 86.558 GC heap before
{Heap before GC invocations=31 (full 0):
 garbage-first heap   total 97280K, used 58684K [0x0000000080000000, 0x0000000100000000)
  region size 1024K, 4 young (4096K), 3 survivors (3072K)
 Metaspace       used 64195K, committed 64768K, reserved 1105920K
  class space    used 8513K, committed 8768K, reserved 1048576K
}
Event: 86.564 GC heap after
{Heap after GC invocations=32 (full 0):
 garbage-first heap   total 97280K, used 58140K [0x0000000080000000, 0x0000000100000000)
  region size 1024K, 1 young (1024K), 1 survivors (1024K)
 Metaspace       used 64195K, committed 64768K, reserved 1105920K
  class space    used 8513K, committed 8768K, reserved 1048576K
}
Event: 87.423 GC heap before
{Heap before GC invocations=32 (full 0):
 garbage-first heap   total 97280K, used 84764K [0x0000000080000000, 0x0000000100000000)
  region size 1024K, 22 young (22528K), 1 survivors (1024K)
 Metaspace       used 65544K, committed 66112K, reserved 1114112K
  class space    used 8690K, committed 8960K, reserved 1048576K
}

Dll operation events (2 events):
Event: 1.269 Loaded shared library D:\Programms\Android Studio\jbr\bin\java.dll
Event: 4.179 Loaded shared library D:\Programms\Android Studio\jbr\bin\verify.dll

Deoptimization events (20 events):
Event: 86.751 Thread 0x0000024265539e70 DEOPT PACKING pc=0x000002424e400c6e sp=0x00000051e9ef25f0
Event: 86.751 Thread 0x0000024265539e70 DEOPT UNPACKING pc=0x0000024254dd7143 sp=0x00000051e9ef1a48 mode 0
Event: 86.751 Thread 0x0000024265539e70 DEOPT PACKING pc=0x000002424e400c6e sp=0x00000051e9ef25f0
Event: 86.751 Thread 0x0000024265539e70 DEOPT UNPACKING pc=0x0000024254dd7143 sp=0x00000051e9ef1a48 mode 0
Event: 86.753 Thread 0x0000024265539e70 DEOPT PACKING pc=0x000002424e400c6e sp=0x00000051e9ef25f0
Event: 86.753 Thread 0x0000024265539e70 DEOPT UNPACKING pc=0x0000024254dd7143 sp=0x00000051e9ef1a48 mode 0
Event: 86.753 Thread 0x0000024265539e70 DEOPT PACKING pc=0x000002424e400c6e sp=0x00000051e9ef25f0
Event: 86.753 Thread 0x0000024265539e70 DEOPT UNPACKING pc=0x0000024254dd7143 sp=0x00000051e9ef1a48 mode 0
Event: 86.753 Thread 0x0000024265539e70 DEOPT PACKING pc=0x000002424e400c6e sp=0x00000051e9ef25f0
Event: 86.753 Thread 0x0000024265539e70 DEOPT UNPACKING pc=0x0000024254dd7143 sp=0x00000051e9ef1a48 mode 0
Event: 86.760 Thread 0x0000024265539e70 DEOPT PACKING pc=0x000002424e400c6e sp=0x00000051e9ef2850
Event: 86.760 Thread 0x0000024265539e70 DEOPT UNPACKING pc=0x0000024254dd7143 sp=0x00000051e9ef1ca8 mode 0
Event: 86.762 Thread 0x0000024265539e70 Uncommon trap: trap_request=0xffffff45 fr.pc=0x00000242555adfbc relative=0x000000000000009c
Event: 86.762 Thread 0x0000024265539e70 Uncommon trap: reason=unstable_if action=reinterpret pc=0x00000242555adfbc method=java.security.CodeSource.matchCerts(Ljava/security/CodeSource;Z)Z @ 11 c2
Event: 86.762 Thread 0x0000024265539e70 DEOPT PACKING pc=0x00000242555adfbc sp=0x00000051e9ef0df0
Event: 86.762 Thread 0x0000024265539e70 DEOPT UNPACKING pc=0x0000024254dd69a3 sp=0x00000051e9ef0d88 mode 2
Event: 87.072 Thread 0x0000024265539e70 Uncommon trap: trap_request=0xffffff45 fr.pc=0x00000242555982d8 relative=0x0000000000002ad8
Event: 87.072 Thread 0x0000024265539e70 Uncommon trap: reason=unstable_if action=reinterpret pc=0x00000242555982d8 method=java.util.regex.Pattern.has(I)Z @ 6 c2
Event: 87.072 Thread 0x0000024265539e70 DEOPT PACKING pc=0x00000242555982d8 sp=0x00000051e9ef5d50
Event: 87.072 Thread 0x0000024265539e70 DEOPT UNPACKING pc=0x0000024254dd69a3 sp=0x00000051e9ef5cd0 mode 2

Classes unloaded (0 events):
No events

Classes redefined (0 events):
No events

Internal exceptions (20 events):
Event: 64.964 Thread 0x0000024265504f10 Exception <a 'java/lang/NoSuchMethodError'{0x000000008351fea0}: static Lorg/gradle/internal/build/event/types/DefaultProjectConfigurationSuccessResult;.<clinit>()V> (0x000000008351fea0) 
thrown [s\src\hotspot\share\prims\jni.cpp, line 1108]
Event: 64.964 Thread 0x0000024265504f10 Exception <a 'java/lang/NoSuchMethodError'{0x0000000083521420}: static Lorg/gradle/internal/build/event/types/AbstractProjectConfigurationResult;.<clinit>()V> (0x0000000083521420) 
thrown [s\src\hotspot\share\prims\jni.cpp, line 1108]
Event: 64.964 Thread 0x0000024265504f10 Exception <a 'java/lang/NoSuchMethodError'{0x0000000083522b78}: static Lorg/gradle/internal/build/event/types/AbstractOperationResult;.<clinit>()V> (0x0000000083522b78) 
thrown [s\src\hotspot\share\prims\jni.cpp, line 1108]
Event: 64.964 Thread 0x0000024265504f10 Exception <a 'java/lang/NoSuchMethodError'{0x0000000083523ff0}: static Lorg/gradle/internal/build/event/types/AbstractResult;.<clinit>()V> (0x0000000083523ff0) 
thrown [s\src\hotspot\share\prims\jni.cpp, line 1108]
Event: 64.972 Thread 0x0000024265504f10 Exception <a 'java/lang/NoSuchMethodError'{0x000000008353bdc0}: static Lorg/gradle/internal/build/event/types/DefaultPluginApplicationResult;.<clinit>()V> (0x000000008353bdc0) 
thrown [s\src\hotspot\share\prims\jni.cpp, line 1108]
Event: 64.973 Thread 0x0000024265504f10 Exception <a 'java/lang/NoSuchMethodError'{0x0000000083548128}: static Lorg/gradle/internal/build/event/types/DefaultBinaryPluginIdentifier;.<clinit>()V> (0x0000000083548128) 
thrown [s\src\hotspot\share\prims\jni.cpp, line 1108]
Event: 64.978 Thread 0x0000024265504f10 Exception <a 'java/lang/NoSuchMethodError'{0x0000000083560258}: static Lorg/gradle/internal/build/event/types/DefaultScriptPluginIdentifier;.<clinit>()V> (0x0000000083560258) 
thrown [s\src\hotspot\share\prims\jni.cpp, line 1108]
Event: 68.259 Thread 0x0000024265539e70 Implicit null exception at 0x00000242555c5e0f to 0x00000242555c64d8
Event: 68.259 Thread 0x0000024265539e70 Implicit null exception at 0x00000242555c6e14 to 0x00000242555c746c
Event: 81.979 Thread 0x0000024265539e70 Exception <a 'java/lang/ClassNotFoundException'{0x0000000083a8f858}: org/gradle/api/internal/plugins/DefaultObjectConfigurationActionBeanInfo> (0x0000000083a8f858) 
thrown [s\src\hotspot\share\classfile\systemDictionary.cpp, line 256]
Event: 81.980 Thread 0x0000024265539e70 Exception <a 'java/lang/ClassNotFoundException'{0x0000000083aa3800}: org/gradle/api/internal/plugins/DefaultObjectConfigurationActionCustomizer> (0x0000000083aa3800) 
thrown [s\src\hotspot\share\classfile\systemDictionary.cpp, line 256]
Event: 83.015 Thread 0x0000024265539e70 Exception <a 'java/lang/NoSuchMethodError'{0x0000000085b77fc8}: 'java.lang.Object java.lang.invoke.DirectMethodHandle$Holder.newInvokeSpecial(java.lang.Object, java.lang.Object, java.lang.Object, java.lang.Object, int)'> (0x0000000085b77fc8) 
thrown [s\src\hotspot\share\interpreter\linkResolver.cpp, line 771]
Event: 83.016 Thread 0x0000024265539e70 Exception <a 'java/lang/NoSuchMethodError'{0x0000000085b7d410}: 'java.lang.Object java.lang.invoke.DirectMethodHandle$Holder.invokeSpecial(java.lang.Object, java.lang.Object, java.lang.Object, java.lang.Object, java.lang.Object, int)'> (0x0000000085b7d410) 
thrown [s\src\hotspot\share\interpreter\linkResolver.cpp, line 771]
Event: 83.017 Thread 0x0000024265539e70 Exception <a 'java/lang/NoSuchMethodError'{0x0000000085b82190}: 'java.lang.Object java.lang.invoke.Invokers$Holder.linkToTargetMethod(java.lang.Object, java.lang.Object, java.lang.Object, int, java.lang.Object)'> (0x0000000085b82190) 
thrown [s\src\hotspot\share\interpreter\linkResolver.cpp, line 771]
Event: 83.658 Thread 0x0000024265539e70 Exception <a 'java/lang/NoSuchMethodError'{0x000000008531b890}: 'int java.lang.invoke.DirectMethodHandle$Holder.invokeInterface(java.lang.Object, java.lang.Object, java.lang.Object, java.lang.Object)'> (0x000000008531b890) 
thrown [s\src\hotspot\share\interpreter\linkResolver.cpp, line 771]
Event: 85.507 Thread 0x0000024265539e70 Exception <a 'java/lang/IncompatibleClassChangeError'{0x00000000853fb410}: Found class java.lang.Object, but interface was expected> (0x00000000853fb410) 
thrown [s\src\hotspot\share\interpreter\linkResolver.cpp, line 838]
Event: 85.835 Thread 0x0000024265539e70 Implicit null exception at 0x00000242554582d4 to 0x000002425545846c
Event: 85.835 Thread 0x0000024265539e70 Implicit null exception at 0x0000024255388e85 to 0x0000024255389410
Event: 86.339 Thread 0x0000024265539e70 Implicit null exception at 0x00000242554cb28c to 0x00000242554cb3be
Event: 86.767 Thread 0x0000024265539e70 Exception <a 'sun/nio/fs/WindowsException'{0x0000000085179cf0}> (0x0000000085179cf0) 
thrown [s\src\hotspot\share\prims\jni.cpp, line 517]

VM Operations (20 events):
Event: 83.657 Executing VM operation: HandshakeAllThreads done
Event: 83.657 Executing VM operation: HandshakeAllThreads
Event: 83.657 Executing VM operation: HandshakeAllThreads done
Event: 84.563 Executing VM operation: G1CollectForAllocation
Event: 84.570 Executing VM operation: G1CollectForAllocation done
Event: 84.653 Executing VM operation: G1Concurrent
Event: 84.657 Executing VM operation: G1Concurrent done
Event: 84.691 Executing VM operation: G1Concurrent
Event: 84.691 Executing VM operation: G1Concurrent done
Event: 85.701 Executing VM operation: Cleanup
Event: 85.701 Executing VM operation: Cleanup done
Event: 86.246 Executing VM operation: HandshakeAllThreads
Event: 86.246 Executing VM operation: HandshakeAllThreads done
Event: 86.369 Executing VM operation: HandshakeAllThreads
Event: 86.369 Executing VM operation: HandshakeAllThreads done
Event: 86.548 Executing VM operation: G1CollectForAllocation
Event: 86.556 Executing VM operation: G1CollectForAllocation done
Event: 86.558 Executing VM operation: G1CollectForAllocation
Event: 86.566 Executing VM operation: G1CollectForAllocation done
Event: 87.423 Executing VM operation: G1CollectForAllocation

Events (20 events):
Event: 86.473 loading class java/security/SignatureException
Event: 86.473 loading class java/security/SignatureException done
Event: 86.478 loading class sun/security/rsa/RSASignature$SHA256withRSA
Event: 86.478 loading class sun/security/rsa/RSASignature$SHA256withRSA done
Event: 86.480 loading class sun/security/provider/DSA$SHA256withDSA
Event: 86.480 loading class sun/security/provider/DSA$SHA256withDSA done
Event: 86.524 loading class java/util/Base64
Event: 86.531 loading class java/util/Base64 done
Event: 86.531 loading class java/util/Base64$Decoder
Event: 86.531 loading class java/util/Base64$Decoder done
Event: 86.531 loading class java/util/Base64$Encoder
Event: 86.531 loading class java/util/Base64$Encoder done
Event: 86.533 loading class java/util/jar/JarVerifier$VerifierStream
Event: 86.533 loading class java/util/jar/JarVerifier$VerifierStream done
Event: 86.533 loading class sun/security/util/ManifestEntryVerifier$SunProviderHolder
Event: 86.533 loading class sun/security/util/ManifestEntryVerifier$SunProviderHolder done
Event: 86.762 loading class java/security/KeyStore$ProtectionParameter
Event: 86.762 loading class java/security/KeyStore$ProtectionParameter done
Event: 86.767 loading class sun/nio/fs/WindowsException
Event: 86.767 loading class sun/nio/fs/WindowsException done


Dynamic libraries:
0x00007ff772a30000 - 0x00007ff772a3a000 	D:\Programms\Android Studio\jbr\bin\java.exe
0x00007fffad4d0000 - 0x00007fffad6c8000 	C:\Windows\SYSTEM32\ntdll.dll
0x00007fffac290000 - 0x00007fffac34d000 	C:\Windows\System32\KERNEL32.DLL
0x00007fffab1c0000 - 0x00007fffab4b6000 	C:\Windows\System32\KERNELBASE.dll
0x00007fffaaf70000 - 0x00007fffab070000 	C:\Windows\System32\ucrtbase.dll
0x00007fff9fd60000 - 0x00007fff9fd77000 	D:\Programms\Android Studio\jbr\bin\jli.dll
0x00007fffac9d0000 - 0x00007fffacb6e000 	C:\Windows\System32\USER32.dll
0x00007fffab190000 - 0x00007fffab1b2000 	C:\Windows\System32\win32u.dll
0x00007fffac9a0000 - 0x00007fffac9cc000 	C:\Windows\System32\GDI32.dll
0x00007fff98d20000 - 0x00007fff98fba000 	C:\Windows\WinSxS\amd64_microsoft.windows.common-controls_6595b64144ccf1df_6.0.19041.3636_none_60b6a03d71f818d5\COMCTL32.dll
0x00007fffab070000 - 0x00007fffab18a000 	C:\Windows\System32\gdi32full.dll
0x00007fffad360000 - 0x00007fffad3fe000 	C:\Windows\System32\msvcrt.dll
0x00007fffaae10000 - 0x00007fffaaead000 	C:\Windows\System32\msvcp_win.dll
0x00007fff95a40000 - 0x00007fff95a5b000 	D:\Programms\Android Studio\jbr\bin\VCRUNTIME140.dll
0x00007fffad210000 - 0x00007fffad240000 	C:\Windows\System32\IMM32.DLL
0x00007fff9c310000 - 0x00007fff9c31c000 	D:\Programms\Android Studio\jbr\bin\vcruntime140_1.dll
0x00007fff7df10000 - 0x00007fff7df9d000 	D:\Programms\Android Studio\jbr\bin\msvcp140.dll
0x00007fff7bbb0000 - 0x00007fff7c81e000 	D:\Programms\Android Studio\jbr\bin\server\jvm.dll
0x00007fffacca0000 - 0x00007fffacd4f000 	C:\Windows\System32\ADVAPI32.dll
0x00007fffacbf0000 - 0x00007fffacc8c000 	C:\Windows\System32\sechost.dll
0x00007fffac350000 - 0x00007fffac476000 	C:\Windows\System32\RPCRT4.dll
0x00007fffa5e80000 - 0x00007fffa5e8a000 	C:\Windows\SYSTEM32\VERSION.dll
0x00007fffa35b0000 - 0x00007fffa35d7000 	C:\Windows\SYSTEM32\WINMM.dll
0x00007fffa64e0000 - 0x00007fffa64e9000 	C:\Windows\SYSTEM32\WSOCK32.dll
0x00007fffab600000 - 0x00007fffab66b000 	C:\Windows\System32\ws2_32.DLL
0x00007fffa8a90000 - 0x00007fffa8aa2000 	C:\Windows\SYSTEM32\kernel.appcore.dll
0x00007fffa6250000 - 0x00007fffa625a000 	D:\Programms\Android Studio\jbr\bin\jimage.dll
0x00007fffa3db0000 - 0x00007fffa3f94000 	C:\Windows\SYSTEM32\DBGHELP.DLL
0x00007fff98c40000 - 0x00007fff98c74000 	C:\Windows\SYSTEM32\dbgcore.DLL
0x00007fffaaeb0000 - 0x00007fffaaf32000 	C:\Windows\System32\bcryptPrimitives.dll
0x00007fffa0b60000 - 0x00007fffa0b85000 	D:\Programms\Android Studio\jbr\bin\java.dll
0x00007fffa0c10000 - 0x00007fffa0c28000 	D:\Programms\Android Studio\jbr\bin\zip.dll
0x00007fffab830000 - 0x00007fffabf74000 	C:\Windows\System32\SHELL32.dll
0x00007fffa8c90000 - 0x00007fffa942b000 	C:\Windows\SYSTEM32\windows.storage.dll
0x00007fffacd50000 - 0x00007fffad0a4000 	C:\Windows\System32\combase.dll
0x00007fffaa5f0000 - 0x00007fffaa61d000 	C:\Windows\SYSTEM32\Wldp.dll
0x00007fffad2b0000 - 0x00007fffad35d000 	C:\Windows\System32\SHCORE.dll
0x00007fffad240000 - 0x00007fffad295000 	C:\Windows\System32\shlwapi.dll
0x00007fffaaae0000 - 0x00007fffaab05000 	C:\Windows\SYSTEM32\profapi.dll
0x00007fffa09c0000 - 0x00007fffa09d9000 	D:\Programms\Android Studio\jbr\bin\net.dll
0x00007fffa3b40000 - 0x00007fffa3c4a000 	C:\Windows\SYSTEM32\WINHTTP.dll
0x00007fffaa350000 - 0x00007fffaa3ba000 	C:\Windows\system32\mswsock.dll
0x00007fffa0270000 - 0x00007fffa0286000 	D:\Programms\Android Studio\jbr\bin\nio.dll
0x00007fffa56e0000 - 0x00007fffa56f0000 	D:\Programms\Android Studio\jbr\bin\verify.dll
0x00007fff92260000 - 0x00007fff92287000 	C:\Users\Olya\.gradle\native\68d5fa5c4cc2d200863cafc0d521ce42e7d3e7ee720ec0a83991735586a16f82\windows-amd64\native-platform.dll
0x00007fff6f0c0000 - 0x00007fff6f204000 	C:\Users\Olya\.gradle\native\e376f236ea51e6404a007f0833ffe2c6e607c4080706a723a18a27aeea778392\windows-amd64\native-platform-file-events.dll
0x00007fffa3450000 - 0x00007fffa3459000 	D:\Programms\Android Studio\jbr\bin\management.dll
0x00007fffa3160000 - 0x00007fffa316b000 	D:\Programms\Android Studio\jbr\bin\management_ext.dll
0x00007fffacc90000 - 0x00007fffacc98000 	C:\Windows\System32\PSAPI.DLL
0x00007fffaa550000 - 0x00007fffaa568000 	C:\Windows\SYSTEM32\CRYPTSP.dll
0x00007fffa9c10000 - 0x00007fffa9c44000 	C:\Windows\system32\rsaenh.dll
0x00007fffaaf40000 - 0x00007fffaaf67000 	C:\Windows\System32\bcrypt.dll
0x00007fffaaaa0000 - 0x00007fffaaace000 	C:\Windows\SYSTEM32\USERENV.dll
0x00007fffaa540000 - 0x00007fffaa54c000 	C:\Windows\SYSTEM32\CRYPTBASE.dll
0x00007fffa9ff0000 - 0x00007fffaa02b000 	C:\Windows\SYSTEM32\IPHLPAPI.DLL
0x00007fffab670000 - 0x00007fffab678000 	C:\Windows\System32\NSI.dll
0x00007fffa3ad0000 - 0x00007fffa3ae7000 	C:\Windows\SYSTEM32\dhcpcsvc6.DLL
0x00007fffa3ab0000 - 0x00007fffa3acd000 	C:\Windows\SYSTEM32\dhcpcsvc.DLL
0x00007fffaa030000 - 0x00007fffaa0fa000 	C:\Windows\SYSTEM32\DNSAPI.dll
0x00007fffa2170000 - 0x00007fffa2177000 	C:\Windows\system32\wshunix.dll

dbghelp: loaded successfully - version: 4.0.5 - missing functions: none
symbol engine: initialized successfully - sym options: 0x614 - pdb path: .;D:\Programms\Android Studio\jbr\bin;C:\Windows\SYSTEM32;C:\Windows\WinSxS\amd64_microsoft.windows.common-controls_6595b64144ccf1df_6.0.19041.3636_none_60b6a03d71f818d5;D:\Programms\Android Studio\jbr\bin\server;C:\Users\Olya\.gradle\native\68d5fa5c4cc2d200863cafc0d521ce42e7d3e7ee720ec0a83991735586a16f82\windows-amd64;C:\Users\Olya\.gradle\native\e376f236ea51e6404a007f0833ffe2c6e607c4080706a723a18a27aeea778392\windows-amd64

VM Arguments:
jvm_args: --add-opens=java.base/java.util=ALL-UNNAMED --add-opens=java.base/java.lang=ALL-UNNAMED --add-opens=java.base/java.lang.invoke=ALL-UNNAMED --add-opens=java.prefs/java.util.prefs=ALL-UNNAMED --add-opens=java.base/java.nio.charset=ALL-UNNAMED --add-opens=java.base/java.net=ALL-UNNAMED --add-opens=java.base/java.util.concurrent.atomic=ALL-UNNAMED -Xmx2048m -Dfile.encoding=UTF-8 -Duser.country=RU -Duser.language=ru -Duser.variant 
java_command: org.gradle.launcher.daemon.bootstrap.GradleDaemon 8.0
java_class_path (initial): C:\Users\Olya\.gradle\wrapper\dists\gradle-8.0-bin\ca5e32bp14vu59qr306oxotwh\gradle-8.0\lib\gradle-launcher-8.0.jar
Launcher Type: SUN_STANDARD

[Global flags]
     intx CICompilerCount                          = 3                                         {product} {ergonomic}
     uint ConcGCThreads                            = 1                                         {product} {ergonomic}
     uint G1ConcRefinementThreads                  = 4                                         {product} {ergonomic}
   size_t G1HeapRegionSize                         = 1048576                                   {product} {ergonomic}
    uintx GCDrainStackTargetSize                   = 64                                        {product} {ergonomic}
   size_t InitialHeapSize                          = 134217728                                 {product} {ergonomic}
   size_t MarkStackSize                            = 4194304                                   {product} {ergonomic}
   size_t MaxHeapSize                              = 2147483648                                {product} {command line}
   size_t MaxNewSize                               = 1287651328                                {product} {ergonomic}
   size_t MinHeapDeltaBytes                        = 1048576                                   {product} {ergonomic}
   size_t MinHeapSize                              = 8388608                                   {product} {ergonomic}
    uintx NonNMethodCodeHeapSize                   = 5832780                                {pd product} {ergonomic}
    uintx NonProfiledCodeHeapSize                  = 122912730                              {pd product} {ergonomic}
    uintx ProfiledCodeHeapSize                     = 122912730                              {pd product} {ergonomic}
    uintx ReservedCodeCacheSize                    = 251658240                              {pd product} {ergonomic}
     bool SegmentedCodeCache                       = true                                      {product} {ergonomic}
   size_t SoftMaxHeapSize                          = 2147483648                             {manageable} {ergonomic}
     bool UseCompressedClassPointers               = true                           {product lp64_product} {ergonomic}
     bool UseCompressedOops                        = true                           {product lp64_product} {ergonomic}
     bool UseG1GC                                  = true                                      {product} {ergonomic}
     bool UseLargePagesIndividualAllocation        = false                                  {pd product} {ergonomic}

Logging:
Log output configuration:
 #0: stdout all=warning uptime,level,tags
 #1: stderr all=off uptime,level,tags

Environment Variables:
PATH=C:\Program Files (x86)\Common Files\Oracle\Java\javapath;C:\Program Files\Microsoft\jdk-11.0.16.101-hotspot\bin;C:\Program Files (x86)\Common Files\Intel\Shared Libraries\redist\intel64\compiler;C:\Windows\system32;C:\Windows;C:\Windows\System32\Wbem;C:\Windows\System32\WindowsPowerShell\v1.0\;C:\Windows\System32\OpenSSH\;C:\Program Files\Microsoft SQL Server\150\Tools\Binn\;C:\Program Files\Microsoft SQL Server\Client SDK\ODBC\170\Tools\Binn\;D:\Programms\Git\Git\cmd;C:\Program Files\dotnet\;C:\Program Files (x86)\Microsoft SQL Server\160\Tools\Binn\;C:\Program Files\Microsoft SQL Server\160\Tools\Binn\;C:\Program Files\Microsoft SQL Server\160\DTS\Binn\;C:\Program Files (x86)\Microsoft SQL Server\160\DTS\Binn\;C:\Program Files\Azure Data Studio\bin;C:\Users\Olya\AppData\Local\Programs\Python\Python311\Scripts\;C:\Users\Olya\AppData\Local\Programs\Python\Python311\;C:\Users\Olya\AppData\Local\Microsoft\WindowsApps;C:\Users\Olya\.dotnet\tools;D:\Programms\Microsoft VS Code\bin;D:\Programms\IntelliJ IDEA Community Edition 2023.2.1\bin;;C:\Program Files\Azure Data Studio\bin
USERNAME=Olya
OS=Windows_NT
PROCESSOR_IDENTIFIER=AMD64 Family 21 Model 48 Stepping 1, AuthenticAMD
TMP=C:\Users\Olya\AppData\Local\Temp
TEMP=C:\Users\Olya\AppData\Local\Temp


JNI global refs:
JNI global refs: 24, weak refs: 0

JNI global refs memory usage: 843, weak refs: 841


---------------  S Y S T E M  ---------------

OS:
 Windows 10 , 64 bit Build 19041 (10.0.19041.3636)
OS uptime: 11 days 9:13 hours

CPU: total 4 (initial active 4) (4 cores per cpu, 1 threads per core) family 21 model 48 stepping 1 microcode 0x0, cx8, cmov, fxsr, mmx, 3dnowpref, sse, sse2, sse3, ssse3, sse4a, sse4.1, sse4.2, popcnt, lzcnt, tsc, tscinvbit, avx, aes, clmul, bmi1, fma, vzeroupper, clflush

Memory: 4k page, system-wide physical 8152M (259M free)
TotalPageFile size 16152M (AvailPageFile size 90M)
current process WorkingSet (physical memory assigned to process): 269M, peak: 269M
current process commit charge ("private bytes"): 302M, peak: 428M

vm_info: OpenJDK 64-Bit Server VM (17.0.6+0-b2043.56-10027231) for windows-amd64 JRE (17.0.6+0-b2043.56-10027231), built on Apr 28 2023 00:43:19 by "androidbuild" with MS VC++ 16.10 / 16.11 (VS2019)

END.
