#
# There is insufficient memory for the Java Runtime Environment to continue.
# Native memory allocation (malloc) failed to allocate 1442896 bytes for Chunk::new
# Possible reasons:
#   The system is out of physical RAM or swap space
#   The process is running with CompressedOops enabled, and the Java Heap may be blocking the growth of the native heap
# Possible solutions:
#   Reduce memory load on the system
#   Increase physical memory or swap space
#   Check if swap backing store is full
#   Decrease Java heap size (-Xmx/-Xms)
#   Decrease number of Java threads
#   Decrease Java thread stack sizes (-Xss)
#   Set larger code cache with -XX:ReservedCodeCacheSize=
#   JVM is running with Unscaled Compressed Oops mode in which the Java heap is
#     placed in the first 4GB address space. The Java Heap base address is the
#     maximum limit for the native heap growth. Please use -XX:HeapBaseMinAddress
#     to set the Java Heap base and to place the Java Heap above 4GB virtual address.
# This output file may be truncated or incomplete.
#
#  Out of Memory Error (arena.cpp:189), pid=312, tid=2388
#
# JRE version: OpenJDK Runtime Environment (17.0.6) (build 17.0.6+0-b2043.56-10027231)
# Java VM: OpenJDK 64-Bit Server VM (17.0.6+0-b2043.56-10027231, mixed mode, tiered, compressed oops, compressed class ptrs, g1 gc, windows-amd64)
# No core dump will be written. Minidumps are not enabled by default on client versions of Windows
#

---------------  S U M M A R Y ------------

Command Line: --add-opens=java.base/java.util=ALL-UNNAMED --add-opens=java.base/java.lang=ALL-UNNAMED --add-opens=java.base/java.lang.invoke=ALL-UNNAMED --add-opens=java.prefs/java.util.prefs=ALL-UNNAMED --add-opens=java.base/java.nio.charset=ALL-UNNAMED --add-opens=java.base/java.net=ALL-UNNAMED --add-opens=java.base/java.util.concurrent.atomic=ALL-UNNAMED -Xmx2048m -Dfile.encoding=UTF-8 -Duser.country=RU -Duser.language=ru -Duser.variant org.gradle.launcher.daemon.bootstrap.GradleDaemon 8.0

Host: AMD Athlon(tm) X4 840 Quad Core Processor      , 4 cores, 7G,  Windows 10 , 64 bit Build 19041 (10.0.19041.3636)
Time: Tue Nov 28 19:10:41 2023 RTZ 2 (s 10 , 64 bit Build 19041 (10.0.19041.3636) elapsed time: 89.112793 seconds (0d 0h 1m 29s)

---------------  T H R E A D  ---------------

Current thread (0x0000025ab240dc50):  JavaThread "C2 CompilerThread0" daemon [_thread_in_native, id=2388, stack(0x000000bfc9a00000,0x000000bfc9b00000)]


Current CompileTask:
C2:  89112 15234   !   4       java.io.ObjectOutputStream::writeOrdinaryObject (196 bytes)

Stack: [0x000000bfc9a00000,0x000000bfc9b00000]
Native frames: (J=compiled Java code, j=interpreted, Vv=VM code, C=native code)
V  [jvm.dll+0x683c9a]
V  [jvm.dll+0x8427a4]
V  [jvm.dll+0x843f9e]
V  [jvm.dll+0x844603]
V  [jvm.dll+0x249b75]
V  [jvm.dll+0xabcac]
V  [jvm.dll+0xac27c]
V  [jvm.dll+0x368802]
V  [jvm.dll+0x332f31]
V  [jvm.dll+0x3323da]
V  [jvm.dll+0x21c201]
V  [jvm.dll+0x21b621]
V  [jvm.dll+0x1a4fdd]
V  [jvm.dll+0x22b098]
V  [jvm.dll+0x229159]
V  [jvm.dll+0x7f81ec]
V  [jvm.dll+0x7f274a]
V  [jvm.dll+0x682ad5]
C  [ucrtbase.dll+0x21bb2]
C  [KERNEL32.DLL+0x17344]
C  [ntdll.dll+0x526b1]


---------------  P R O C E S S  ---------------

Threads class SMR info:
_java_thread_list=0x0000025ab4bea390, length=95, elements={
0x0000025a9838e010, 0x0000025ab1982260, 0x0000025ab1982fe0, 0x0000025ab1991f70,
0x0000025ab1993840, 0x0000025ab2408460, 0x0000025ab2409a50, 0x0000025ab240dc50,
0x0000025ab242a0c0, 0x0000025ab242dde0, 0x0000025ab25b0440, 0x0000025ab25cd420,
0x0000025ab3e81020, 0x0000025ab321d210, 0x0000025ab321ba00, 0x0000025ab321e550,
0x0000025ab321b530, 0x0000025ab321bed0, 0x0000025ab321ea20, 0x0000025ab321cd40,
0x0000025ab321b060, 0x0000025ab321c870, 0x0000025ab321d6e0, 0x0000025ab321dbb0,
0x0000025ab5376d90, 0x0000025ab537a280, 0x0000025ab5379410, 0x0000025ab53798e0,
0x0000025ab5375a50, 0x0000025ab53738a0, 0x0000025ab5375580, 0x0000025ab5374710,
0x0000025ab5377c00, 0x0000025ab5379db0, 0x0000025ab53768c0, 0x0000025ab53780d0,
0x0000025ab5374be0, 0x0000025ab5373d70, 0x0000025ab537ac20, 0x0000025ab5377730,
0x0000025ab5378a70, 0x0000025ab5378f40, 0x0000025ab537b0f0, 0x0000025ab53750b0,
0x0000025ab4a25890, 0x0000025ab4a29bf0, 0x0000025ab4a2a0c0, 0x0000025ab4a2a590,
0x0000025ab4a24080, 0x0000025ab4a28d80, 0x0000025ab4a26700, 0x0000025ab4a26bd0,
0x0000025ab4a2aa60, 0x0000025ab4a25d60, 0x0000025ab4a26230, 0x0000025ab4a24550,
0x0000025ab4a29720, 0x0000025ab4a2af30, 0x0000025ab4a24a20, 0x0000025ab4a270a0,
0x0000025ab4a2b400, 0x0000025ab4a2b8d0, 0x0000025ab4a27570, 0x0000025ab4a27f10,
0x0000025ab4a27a40, 0x0000025ab4a283e0, 0x0000025ab4a29250, 0x0000025ab4a288b0,
0x0000025ab4a24ef0, 0x0000025ab4a253c0, 0x0000025ab6756910, 0x0000025ab6759930,
0x0000025ab675bfb0, 0x0000025ab6758f90, 0x0000025ab675a2d0, 0x0000025ab6757780,
0x0000025ab675a7a0, 0x0000025ab675c480, 0x0000025ab675ac70, 0x0000025ab6756de0,
0x0000025ab67585f0, 0x0000025ab675b610, 0x0000025ab675b140, 0x0000025aba6f0cc0,
0x0000025aba6ef980, 0x0000025aba6f2e70, 0x0000025aba6ece30, 0x0000025aba6f0320,
0x0000025aba6f1b30, 0x0000025aba6f24d0, 0x0000025aba6ee170, 0x0000025aba6eeb10,
0x0000025aba6f1660, 0x0000025ab321c3a0, 0x0000025abae99a00
}

Java Threads: ( => current thread )
  0x0000025a9838e010 JavaThread "main" [_thread_blocked, id=13096, stack(0x000000bfc8d00000,0x000000bfc8e00000)]
  0x0000025ab1982260 JavaThread "Reference Handler" daemon [_thread_blocked, id=6832, stack(0x000000bfc9400000,0x000000bfc9500000)]
  0x0000025ab1982fe0 JavaThread "Finalizer" daemon [_thread_blocked, id=4328, stack(0x000000bfc9500000,0x000000bfc9600000)]
  0x0000025ab1991f70 JavaThread "Signal Dispatcher" daemon [_thread_blocked, id=13056, stack(0x000000bfc9600000,0x000000bfc9700000)]
  0x0000025ab1993840 JavaThread "Attach Listener" daemon [_thread_blocked, id=10216, stack(0x000000bfc9700000,0x000000bfc9800000)]
  0x0000025ab2408460 JavaThread "Service Thread" daemon [_thread_blocked, id=5512, stack(0x000000bfc9800000,0x000000bfc9900000)]
  0x0000025ab2409a50 JavaThread "Monitor Deflation Thread" daemon [_thread_blocked, id=3420, stack(0x000000bfc9900000,0x000000bfc9a00000)]
=>0x0000025ab240dc50 JavaThread "C2 CompilerThread0" daemon [_thread_in_native, id=2388, stack(0x000000bfc9a00000,0x000000bfc9b00000)]
  0x0000025ab242a0c0 JavaThread "C1 CompilerThread0" daemon [_thread_blocked, id=9584, stack(0x000000bfc9b00000,0x000000bfc9c00000)]
  0x0000025ab242dde0 JavaThread "Sweeper thread" daemon [_thread_blocked, id=10748, stack(0x000000bfc9c00000,0x000000bfc9d00000)]
  0x0000025ab25b0440 JavaThread "Common-Cleaner" daemon [_thread_blocked, id=6456, stack(0x000000bfc9d00000,0x000000bfc9e00000)]
  0x0000025ab25cd420 JavaThread "Notification Thread" daemon [_thread_blocked, id=11604, stack(0x000000bfc9e00000,0x000000bfc9f00000)]
  0x0000025ab3e81020 JavaThread "Daemon health stats" [_thread_blocked, id=12856, stack(0x000000bfca000000,0x000000bfca100000)]
  0x0000025ab321d210 JavaThread "Incoming local TCP Connector on port 62247" [_thread_in_native, id=9392, stack(0x000000bfca400000,0x000000bfca500000)]
  0x0000025ab321ba00 JavaThread "Daemon periodic checks" [_thread_blocked, id=6636, stack(0x000000bfca500000,0x000000bfca600000)]
  0x0000025ab321e550 JavaThread "Daemon" [_thread_blocked, id=6004, stack(0x000000bfca600000,0x000000bfca700000)]
  0x0000025ab321b530 JavaThread "Handler for socket connection from /127.0.0.1:62247 to /127.0.0.1:62248" [_thread_in_native, id=13216, stack(0x000000bfca700000,0x000000bfca800000)]
  0x0000025ab321bed0 JavaThread "Cancel handler" [_thread_blocked, id=10472, stack(0x000000bfca800000,0x000000bfca900000)]
  0x0000025ab321ea20 JavaThread "Daemon worker" [_thread_blocked, id=12648, stack(0x000000bfca900000,0x000000bfcaa00000)]
  0x0000025ab321cd40 JavaThread "Asynchronous log dispatcher for DefaultDaemonConnection: socket connection from /127.0.0.1:62247 to /127.0.0.1:62248" [_thread_blocked, id=11252, stack(0x000000bfcaa00000,0x000000bfcab00000)]
  0x0000025ab321b060 JavaThread "Daemon client event forwarder" [_thread_blocked, id=12292, stack(0x000000bfcac00000,0x000000bfcad00000)]
  0x0000025ab321c870 JavaThread "Cache worker for journal cache (C:\Users\Olya\.gradle\caches\journal-1)" [_thread_blocked, id=9108, stack(0x000000bfcad00000,0x000000bfcae00000)]
  0x0000025ab321d6e0 JavaThread "File lock request listener" [_thread_in_native, id=8428, stack(0x000000bfcae00000,0x000000bfcaf00000)]
  0x0000025ab321dbb0 JavaThread "Cache worker for file hash cache (C:\Users\Olya\.gradle\caches\8.0\fileHashes)" [_thread_blocked, id=3540, stack(0x000000bfcb000000,0x000000bfcb100000)]
  0x0000025ab5376d90 JavaThread "File watcher server" daemon [_thread_in_native, id=1412, stack(0x000000bfcb100000,0x000000bfcb200000)]
  0x0000025ab537a280 JavaThread "File watcher consumer" daemon [_thread_blocked, id=12596, stack(0x000000bfcb200000,0x000000bfcb300000)]
  0x0000025ab5379410 JavaThread "Cache worker for checksums cache (D:\AndroidStudioProjects\YP\BrainBoost\BrainBoost\.gradle\8.0\checksums)" [_thread_blocked, id=3560, stack(0x000000bfcaf00000,0x000000bfcb000000)]
  0x0000025ab53798e0 JavaThread "Cache worker for cache directory md-rule (C:\Users\Olya\.gradle\caches\8.0\md-rule)" [_thread_blocked, id=6048, stack(0x000000bfcb300000,0x000000bfcb400000)]
  0x0000025ab5375a50 JavaThread "Cache worker for file content cache (C:\Users\Olya\.gradle\caches\8.0\fileContent)" [_thread_blocked, id=10384, stack(0x000000bfcb400000,0x000000bfcb500000)]
  0x0000025ab53738a0 JavaThread "Cache worker for file hash cache (D:\AndroidStudioProjects\YP\BrainBoost\BrainBoost\.gradle\8.0\fileHashes)" [_thread_blocked, id=12540, stack(0x000000bfcb500000,0x000000bfcb600000)]
  0x0000025ab5375580 JavaThread "Cache worker for cache directory md-supplier (C:\Users\Olya\.gradle\caches\8.0\md-supplier)" [_thread_blocked, id=6216, stack(0x000000bfcb600000,0x000000bfcb700000)]
  0x0000025ab5374710 JavaThread "Cache worker for execution history cache (C:\Users\Olya\.gradle\caches\8.0\executionHistory)" [_thread_blocked, id=8928, stack(0x000000bfcb700000,0x000000bfcb800000)]
  0x0000025ab5377c00 JavaThread "jar transforms" [_thread_blocked, id=11872, stack(0x000000bfcb800000,0x000000bfcb900000)]
  0x0000025ab5379db0 JavaThread "jar transforms Thread 2" [_thread_blocked, id=6900, stack(0x000000bfcb900000,0x000000bfcba00000)]
  0x0000025ab53768c0 JavaThread "Cache worker for kotlin-dsl (C:\Users\Olya\.gradle\caches\8.0\kotlin-dsl)" [_thread_blocked, id=6992, stack(0x000000bfcbc00000,0x000000bfcbd00000)]
  0x0000025ab53780d0 JavaThread "jar transforms Thread 3" [_thread_blocked, id=2448, stack(0x000000bfcbd00000,0x000000bfcbe00000)]
  0x0000025ab5374be0 JavaThread "jar transforms Thread 4" [_thread_blocked, id=12520, stack(0x000000bfcbe00000,0x000000bfcbf00000)]
  0x0000025ab5373d70 JavaThread "Cache worker for dependencies-accessors (D:\AndroidStudioProjects\YP\BrainBoost\BrainBoost\.gradle\8.0\dependencies-accessors)" [_thread_blocked, id=10332, stack(0x000000bfcbf00000,0x000000bfcc000000)]
  0x0000025ab537ac20 JavaThread "Cache worker for Build Output Cleanup Cache (D:\AndroidStudioProjects\YP\BrainBoost\BrainBoost\.gradle\buildOutputCleanup)" [_thread_blocked, id=9496, stack(0x000000bfcc000000,0x000000bfcc100000)]
  0x0000025ab5377730 JavaThread "Unconstrained build operations" [_thread_blocked, id=7884, stack(0x000000bfcbb00000,0x000000bfcbc00000)]
  0x0000025ab5378a70 JavaThread "Unconstrained build operations Thread 2" [_thread_blocked, id=12724, stack(0x000000bfcc100000,0x000000bfcc200000)]
  0x0000025ab5378f40 JavaThread "Unconstrained build operations Thread 3" [_thread_blocked, id=5712, stack(0x000000bfcc200000,0x000000bfcc300000)]
  0x0000025ab537b0f0 JavaThread "Unconstrained build operations Thread 4" [_thread_blocked, id=9524, stack(0x000000bfcc300000,0x000000bfcc400000)]
  0x0000025ab53750b0 JavaThread "Unconstrained build operations Thread 5" [_thread_blocked, id=9724, stack(0x000000bfcc400000,0x000000bfcc500000)]
  0x0000025ab4a25890 JavaThread "Unconstrained build operations Thread 6" [_thread_blocked, id=13164, stack(0x000000bfcc500000,0x000000bfcc600000)]
  0x0000025ab4a29bf0 JavaThread "Unconstrained build operations Thread 7" [_thread_blocked, id=9196, stack(0x000000bfcc600000,0x000000bfcc700000)]
  0x0000025ab4a2a0c0 JavaThread "Unconstrained build operations Thread 8" [_thread_blocked, id=11524, stack(0x000000bfcc700000,0x000000bfcc800000)]
  0x0000025ab4a2a590 JavaThread "Unconstrained build operations Thread 9" [_thread_blocked, id=9372, stack(0x000000bfcc800000,0x000000bfcc900000)]
  0x0000025ab4a24080 JavaThread "Unconstrained build operations Thread 10" [_thread_in_native, id=1300, stack(0x000000bfcc900000,0x000000bfcca00000)]
  0x0000025ab4a28d80 JavaThread "Unconstrained build operations Thread 11" [_thread_blocked, id=4348, stack(0x000000bfcca00000,0x000000bfccb00000)]
  0x0000025ab4a26700 JavaThread "Unconstrained build operations Thread 12" [_thread_blocked, id=10808, stack(0x000000bfccb00000,0x000000bfccc00000)]
  0x0000025ab4a26bd0 JavaThread "Unconstrained build operations Thread 13" [_thread_in_native, id=12964, stack(0x000000bfccc00000,0x000000bfccd00000)]
  0x0000025ab4a2aa60 JavaThread "Unconstrained build operations Thread 14" [_thread_blocked, id=4808, stack(0x000000bfccd00000,0x000000bfcce00000)]
  0x0000025ab4a25d60 JavaThread "Unconstrained build operations Thread 15" [_thread_blocked, id=12500, stack(0x000000bfcce00000,0x000000bfccf00000)]
  0x0000025ab4a26230 JavaThread "Unconstrained build operations Thread 16" [_thread_blocked, id=7800, stack(0x000000bfccf00000,0x000000bfcd000000)]
  0x0000025ab4a24550 JavaThread "Unconstrained build operations Thread 17" [_thread_blocked, id=3256, stack(0x000000bfcd000000,0x000000bfcd100000)]
  0x0000025ab4a29720 JavaThread "Unconstrained build operations Thread 18" [_thread_blocked, id=5588, stack(0x000000bfcd100000,0x000000bfcd200000)]
  0x0000025ab4a2af30 JavaThread "Unconstrained build operations Thread 19" [_thread_blocked, id=12936, stack(0x000000bfcd200000,0x000000bfcd300000)]
  0x0000025ab4a24a20 JavaThread "Unconstrained build operations Thread 20" [_thread_blocked, id=11884, stack(0x000000bfcd300000,0x000000bfcd400000)]
  0x0000025ab4a270a0 JavaThread "Unconstrained build operations Thread 21" [_thread_blocked, id=9340, stack(0x000000bfcd400000,0x000000bfcd500000)]
  0x0000025ab4a2b400 JavaThread "Unconstrained build operations Thread 22" [_thread_blocked, id=10020, stack(0x000000bfcd500000,0x000000bfcd600000)]
  0x0000025ab4a2b8d0 JavaThread "Unconstrained build operations Thread 23" [_thread_blocked, id=9408, stack(0x000000bfcd600000,0x000000bfcd700000)]
  0x0000025ab4a27570 JavaThread "Unconstrained build operations Thread 24" [_thread_blocked, id=6652, stack(0x000000bfcd700000,0x000000bfcd800000)]
  0x0000025ab4a27f10 JavaThread "Unconstrained build operations Thread 25" [_thread_blocked, id=6480, stack(0x000000bfcd800000,0x000000bfcd900000)]
  0x0000025ab4a27a40 JavaThread "Unconstrained build operations Thread 26" [_thread_blocked, id=6404, stack(0x000000bfcd900000,0x000000bfcda00000)]
  0x0000025ab4a283e0 JavaThread "Unconstrained build operations Thread 27" [_thread_blocked, id=5912, stack(0x000000bfcda00000,0x000000bfcdb00000)]
  0x0000025ab4a29250 JavaThread "Unconstrained build operations Thread 28" [_thread_blocked, id=5604, stack(0x000000bfcdb00000,0x000000bfcdc00000)]
  0x0000025ab4a288b0 JavaThread "Unconstrained build operations Thread 29" [_thread_blocked, id=980, stack(0x000000bfcdc00000,0x000000bfcdd00000)]
  0x0000025ab4a24ef0 JavaThread "Unconstrained build operations Thread 30" [_thread_blocked, id=10160, stack(0x000000bfcdd00000,0x000000bfcde00000)]
  0x0000025ab4a253c0 JavaThread "Unconstrained build operations Thread 31" [_thread_blocked, id=10900, stack(0x000000bfcde00000,0x000000bfcdf00000)]
  0x0000025ab6756910 JavaThread "Unconstrained build operations Thread 32" [_thread_blocked, id=8736, stack(0x000000bfcdf00000,0x000000bfce000000)]
  0x0000025ab6759930 JavaThread "Unconstrained build operations Thread 33" [_thread_blocked, id=12088, stack(0x000000bfce000000,0x000000bfce100000)]
  0x0000025ab675bfb0 JavaThread "Unconstrained build operations Thread 34" [_thread_blocked, id=12800, stack(0x000000bfce100000,0x000000bfce200000)]
  0x0000025ab6758f90 JavaThread "Unconstrained build operations Thread 35" [_thread_blocked, id=10328, stack(0x000000bfce200000,0x000000bfce300000)]
  0x0000025ab675a2d0 JavaThread "Unconstrained build operations Thread 36" [_thread_blocked, id=6768, stack(0x000000bfce300000,0x000000bfce400000)]
  0x0000025ab6757780 JavaThread "Unconstrained build operations Thread 37" [_thread_blocked, id=9824, stack(0x000000bfce400000,0x000000bfce500000)]
  0x0000025ab675a7a0 JavaThread "Unconstrained build operations Thread 38" [_thread_blocked, id=8456, stack(0x000000bfce500000,0x000000bfce600000)]
  0x0000025ab675c480 JavaThread "Unconstrained build operations Thread 39" [_thread_blocked, id=5752, stack(0x000000bfce600000,0x000000bfce700000)]
  0x0000025ab675ac70 JavaThread "Unconstrained build operations Thread 40" [_thread_blocked, id=6348, stack(0x000000bfce700000,0x000000bfce800000)]
  0x0000025ab6756de0 JavaThread "build event listener" [_thread_blocked, id=12448, stack(0x000000bfce800000,0x000000bfce900000)]
  0x0000025ab67585f0 JavaThread "Memory manager" [_thread_blocked, id=2832, stack(0x000000bfce900000,0x000000bfcea00000)]
  0x0000025ab675b610 JavaThread "build event listener" [_thread_blocked, id=3908, stack(0x000000bfcea00000,0x000000bfceb00000)]
  0x0000025ab675b140 JavaThread "build event listener" [_thread_blocked, id=11804, stack(0x000000bfceb00000,0x000000bfcec00000)]
  0x0000025aba6f0cc0 JavaThread "included builds" [_thread_blocked, id=8920, stack(0x000000bfc8a00000,0x000000bfc8b00000)]
  0x0000025aba6ef980 JavaThread "Execution worker" [_thread_in_native, id=12240, stack(0x000000bfcec00000,0x000000bfced00000)]
  0x0000025aba6f2e70 JavaThread "Execution worker Thread 2" [_thread_blocked, id=13064, stack(0x000000bfced00000,0x000000bfcee00000)]
  0x0000025aba6ece30 JavaThread "Execution worker Thread 3" [_thread_blocked, id=5036, stack(0x000000bfcee00000,0x000000bfcef00000)]
  0x0000025aba6f0320 JavaThread "Cache worker for execution history cache (D:\AndroidStudioProjects\YP\BrainBoost\BrainBoost\.gradle\8.0\executionHistory)" [_thread_blocked, id=12840, stack(0x000000bfcef00000,0x000000bfcf000000)]
  0x0000025aba6f1b30 JavaThread "WorkerExecutor Queue" [_thread_blocked, id=12620, stack(0x000000bfcf200000,0x000000bfcf300000)]
  0x0000025aba6f24d0 JavaThread "WorkerExecutor Queue Thread 2" [_thread_blocked, id=9228, stack(0x000000bfcf300000,0x000000bfcf400000)]
  0x0000025aba6ee170 JavaThread "WorkerExecutor Queue Thread 3" [_thread_in_native, id=4084, stack(0x000000bfcf400000,0x000000bfcf500000)]
  0x0000025aba6eeb10 JavaThread "WorkerExecutor Queue Thread 4" [_thread_blocked, id=13112, stack(0x000000bfcf500000,0x000000bfcf600000)]
  0x0000025aba6f1660 JavaThread "pool-3-thread-1" [_thread_blocked, id=10224, stack(0x000000bfc8c00000,0x000000bfc8d00000)]
  0x0000025ab321c3a0 JavaThread "stderr" [_thread_in_native, id=12604, stack(0x000000bfcab00000,0x000000bfcac00000)]
  0x0000025abae99a00 JavaThread "stdout" [_thread_in_native, id=3740, stack(0x000000bfcf600000,0x000000bfcf700000)]

Other Threads:
  0x0000025ab195ee00 VMThread "VM Thread" [stack: 0x000000bfc9300000,0x000000bfc9400000] [id=12872]
  0x0000025a98403d60 WatcherThread [stack: 0x000000bfc9f00000,0x000000bfca000000] [id=8132]
  0x0000025a983e9c50 GCTaskThread "GC Thread#0" [stack: 0x000000bfc8e00000,0x000000bfc8f00000] [id=7840]
  0x0000025ab296eb80 GCTaskThread "GC Thread#1" [stack: 0x000000bfca100000,0x000000bfca200000] [id=4752]
  0x0000025ab27e37f0 GCTaskThread "GC Thread#2" [stack: 0x000000bfca200000,0x000000bfca300000] [id=9480]
  0x0000025ab2bb8760 GCTaskThread "GC Thread#3" [stack: 0x000000bfca300000,0x000000bfca400000] [id=8712]
  0x0000025a983fbab0 ConcurrentGCThread "G1 Main Marker" [stack: 0x000000bfc8f00000,0x000000bfc9000000] [id=3272]
  0x0000025a983fcb70 ConcurrentGCThread "G1 Conc#0" [stack: 0x000000bfc9000000,0x000000bfc9100000] [id=5020]
  0x0000025ab17c00a0 ConcurrentGCThread "G1 Refine#0" [stack: 0x000000bfc9100000,0x000000bfc9200000] [id=9708]
  0x0000025ab4ad91c0 ConcurrentGCThread "G1 Refine#1" [stack: 0x000000bfcba00000,0x000000bfcbb00000] [id=900]
  0x0000025ab17c08d0 ConcurrentGCThread "G1 Service" [stack: 0x000000bfc9200000,0x000000bfc9300000] [id=13092]

Threads with active compile tasks:
C2 CompilerThread0    89193 15234   !   4       java.io.ObjectOutputStream::writeOrdinaryObject (196 bytes)

VM state: not at safepoint (normal execution)

VM Mutex/Monitor currently owned by a thread: None

Heap address: 0x0000000080000000, size: 2048 MB, Compressed Oops mode: 32-bit

CDS archive(s) not mapped
Compressed class space mapped at: 0x0000000100000000-0x0000000140000000, reserved size: 1073741824
Narrow klass base: 0x0000000000000000, Narrow klass shift: 3, Narrow klass range: 0x140000000

GC Precious Log:
 CPUs: 4 total, 4 available
 Memory: 8152M
 Large Page Support: Disabled
 NUMA Support: Disabled
 Compressed Oops: Enabled (32-bit)
 Heap Region Size: 1M
 Heap Min Capacity: 8M
 Heap Initial Capacity: 128M
 Heap Max Capacity: 2G
 Pre-touch: Disabled
 Parallel Workers: 4
 Concurrent Workers: 1
 Concurrent Refinement Workers: 4
 Periodic GC: Disabled

Heap:
 garbage-first heap   total 253952K, used 172606K [0x0000000080000000, 0x0000000100000000)
  region size 1024K, 50 young (51200K), 10 survivors (10240K)
 Metaspace       used 111027K, committed 111808K, reserved 1146880K
  class space    used 14720K, committed 15104K, reserved 1048576K

Heap Regions: E=young(eden), S=young(survivor), O=old, HS=humongous(starts), HC=humongous(continues), CS=collection set, F=free, OA=open archive, CA=closed archive, TAMS=top-at-mark-start (previous, next)
|   0|0x0000000080000000, 0x0000000080100000, 0x0000000080100000|100%| O|  |TAMS 0x0000000080100000, 0x0000000080000000| Untracked 
|   1|0x0000000080100000, 0x0000000080200000, 0x0000000080200000|100%| O|  |TAMS 0x0000000080200000, 0x0000000080100000| Untracked 
|   2|0x0000000080200000, 0x0000000080300000, 0x0000000080300000|100%|HS|  |TAMS 0x0000000080300000, 0x0000000080200000| Complete 
|   3|0x0000000080300000, 0x0000000080400000, 0x0000000080400000|100%|HC|  |TAMS 0x0000000080400000, 0x0000000080300000| Complete 
|   4|0x0000000080400000, 0x0000000080500000, 0x0000000080500000|100%|HC|  |TAMS 0x0000000080500000, 0x0000000080400000| Complete 
|   5|0x0000000080500000, 0x0000000080600000, 0x0000000080600000|100%|HC|  |TAMS 0x0000000080600000, 0x0000000080500000| Complete 
|   6|0x0000000080600000, 0x0000000080700000, 0x0000000080700000|100%| O|  |TAMS 0x0000000080700000, 0x0000000080600000| Untracked 
|   7|0x0000000080700000, 0x0000000080800000, 0x0000000080800000|100%| O|  |TAMS 0x0000000080800000, 0x0000000080700000| Untracked 
|   8|0x0000000080800000, 0x0000000080900000, 0x0000000080900000|100%| O|  |TAMS 0x0000000080900000, 0x0000000080800000| Untracked 
|   9|0x0000000080900000, 0x0000000080a00000, 0x0000000080a00000|100%| O|  |TAMS 0x0000000080a00000, 0x0000000080900000| Untracked 
|  10|0x0000000080a00000, 0x0000000080b00000, 0x0000000080b00000|100%| O|  |TAMS 0x0000000080b00000, 0x0000000080a00000| Untracked 
|  11|0x0000000080b00000, 0x0000000080c00000, 0x0000000080c00000|100%| O|  |TAMS 0x0000000080c00000, 0x0000000080b00000| Untracked 
|  12|0x0000000080c00000, 0x0000000080d00000, 0x0000000080d00000|100%| O|  |TAMS 0x0000000080d00000, 0x0000000080c00000| Untracked 
|  13|0x0000000080d00000, 0x0000000080e00000, 0x0000000080e00000|100%| O|  |TAMS 0x0000000080e00000, 0x0000000080d00000| Untracked 
|  14|0x0000000080e00000, 0x0000000080f00000, 0x0000000080f00000|100%| O|  |TAMS 0x0000000080f00000, 0x0000000080e00000| Untracked 
|  15|0x0000000080f00000, 0x0000000081000000, 0x0000000081000000|100%| O|  |TAMS 0x0000000081000000, 0x0000000080f00000| Untracked 
|  16|0x0000000081000000, 0x0000000081100000, 0x0000000081100000|100%| O|  |TAMS 0x0000000081100000, 0x0000000081000000| Untracked 
|  17|0x0000000081100000, 0x0000000081200000, 0x0000000081200000|100%| O|  |TAMS 0x0000000081200000, 0x0000000081100000| Untracked 
|  18|0x0000000081200000, 0x0000000081300000, 0x0000000081300000|100%| O|  |TAMS 0x0000000081300000, 0x0000000081200000| Untracked 
|  19|0x0000000081300000, 0x0000000081400000, 0x0000000081400000|100%| O|  |TAMS 0x0000000081400000, 0x0000000081300000| Untracked 
|  20|0x0000000081400000, 0x0000000081500000, 0x0000000081500000|100%| O|  |TAMS 0x0000000081500000, 0x0000000081400000| Untracked 
|  21|0x0000000081500000, 0x0000000081600000, 0x0000000081600000|100%| O|  |TAMS 0x0000000081600000, 0x0000000081500000| Untracked 
|  22|0x0000000081600000, 0x0000000081700000, 0x0000000081700000|100%| O|  |TAMS 0x0000000081700000, 0x0000000081600000| Untracked 
|  23|0x0000000081700000, 0x0000000081800000, 0x0000000081800000|100%| O|  |TAMS 0x0000000081700000, 0x0000000081700000| Untracked 
|  24|0x0000000081800000, 0x0000000081900000, 0x0000000081900000|100%| O|  |TAMS 0x0000000081900000, 0x0000000081800000| Untracked 
|  25|0x0000000081900000, 0x0000000081a00000, 0x0000000081a00000|100%| O|  |TAMS 0x0000000081a00000, 0x0000000081900000| Untracked 
|  26|0x0000000081a00000, 0x0000000081b00000, 0x0000000081b00000|100%| O|  |TAMS 0x0000000081b00000, 0x0000000081a00000| Untracked 
|  27|0x0000000081b00000, 0x0000000081c00000, 0x0000000081c00000|100%| O|  |TAMS 0x0000000081c00000, 0x0000000081b00000| Untracked 
|  28|0x0000000081c00000, 0x0000000081d00000, 0x0000000081d00000|100%| O|  |TAMS 0x0000000081d00000, 0x0000000081c00000| Untracked 
|  29|0x0000000081d00000, 0x0000000081e00000, 0x0000000081e00000|100%| O|  |TAMS 0x0000000081e00000, 0x0000000081d00000| Untracked 
|  30|0x0000000081e00000, 0x0000000081f00000, 0x0000000081f00000|100%| O|  |TAMS 0x0000000081f00000, 0x0000000081e00000| Untracked 
|  31|0x0000000081f00000, 0x0000000082000000, 0x0000000082000000|100%| O|  |TAMS 0x0000000082000000, 0x0000000081f00000| Untracked 
|  32|0x0000000082000000, 0x0000000082100000, 0x0000000082100000|100%| O|  |TAMS 0x0000000082100000, 0x0000000082000000| Untracked 
|  33|0x0000000082100000, 0x0000000082200000, 0x0000000082200000|100%|HS|  |TAMS 0x0000000082200000, 0x0000000082100000| Complete 
|  34|0x0000000082200000, 0x0000000082300000, 0x0000000082300000|100%|HS|  |TAMS 0x0000000082300000, 0x0000000082200000| Complete 
|  35|0x0000000082300000, 0x0000000082400000, 0x0000000082400000|100%| O|  |TAMS 0x0000000082400000, 0x0000000082300000| Untracked 
|  36|0x0000000082400000, 0x0000000082500000, 0x0000000082500000|100%| O|  |TAMS 0x0000000082500000, 0x0000000082400000| Untracked 
|  37|0x0000000082500000, 0x0000000082600000, 0x0000000082600000|100%| O|  |TAMS 0x0000000082600000, 0x0000000082500000| Untracked 
|  38|0x0000000082600000, 0x0000000082700000, 0x0000000082700000|100%|HS|  |TAMS 0x0000000082700000, 0x0000000082600000| Complete 
|  39|0x0000000082700000, 0x0000000082800000, 0x0000000082800000|100%|HC|  |TAMS 0x0000000082800000, 0x0000000082700000| Complete 
|  40|0x0000000082800000, 0x0000000082900000, 0x0000000082900000|100%|HS|  |TAMS 0x0000000082900000, 0x0000000082800000| Complete 
|  41|0x0000000082900000, 0x0000000082a00000, 0x0000000082a00000|100%| O|  |TAMS 0x0000000082a00000, 0x0000000082900000| Untracked 
|  42|0x0000000082a00000, 0x0000000082b00000, 0x0000000082b00000|100%| O|  |TAMS 0x0000000082b00000, 0x0000000082a00000| Untracked 
|  43|0x0000000082b00000, 0x0000000082c00000, 0x0000000082c00000|100%| O|  |TAMS 0x0000000082b00000, 0x0000000082b00000| Untracked 
|  44|0x0000000082c00000, 0x0000000082d00000, 0x0000000082d00000|100%|HS|  |TAMS 0x0000000082d00000, 0x0000000082c00000| Complete 
|  45|0x0000000082d00000, 0x0000000082e00000, 0x0000000082e00000|100%|HC|  |TAMS 0x0000000082e00000, 0x0000000082d00000| Complete 
|  46|0x0000000082e00000, 0x0000000082f00000, 0x0000000082f00000|100%|HC|  |TAMS 0x0000000082f00000, 0x0000000082e00000| Complete 
|  47|0x0000000082f00000, 0x0000000083000000, 0x0000000083000000|100%|HC|  |TAMS 0x0000000083000000, 0x0000000082f00000| Complete 
|  48|0x0000000083000000, 0x0000000083100000, 0x0000000083100000|100%| O|  |TAMS 0x0000000083100000, 0x0000000083000000| Untracked 
|  49|0x0000000083100000, 0x0000000083200000, 0x0000000083200000|100%| O|  |TAMS 0x0000000083200000, 0x0000000083100000| Untracked 
|  50|0x0000000083200000, 0x0000000083300000, 0x0000000083300000|100%| O|  |TAMS 0x0000000083300000, 0x0000000083200000| Untracked 
|  51|0x0000000083300000, 0x0000000083400000, 0x0000000083400000|100%| O|  |TAMS 0x0000000083400000, 0x0000000083300000| Untracked 
|  52|0x0000000083400000, 0x0000000083500000, 0x0000000083500000|100%| O|  |TAMS 0x0000000083500000, 0x0000000083400000| Untracked 
|  53|0x0000000083500000, 0x0000000083600000, 0x0000000083600000|100%| O|  |TAMS 0x0000000083600000, 0x0000000083500000| Untracked 
|  54|0x0000000083600000, 0x0000000083700000, 0x0000000083700000|100%| O|  |TAMS 0x0000000083700000, 0x0000000083600000| Untracked 
|  55|0x0000000083700000, 0x0000000083800000, 0x0000000083800000|100%| O|  |TAMS 0x0000000083800000, 0x0000000083700000| Untracked 
|  56|0x0000000083800000, 0x0000000083900000, 0x0000000083900000|100%| O|  |TAMS 0x0000000083900000, 0x0000000083800000| Untracked 
|  57|0x0000000083900000, 0x0000000083a00000, 0x0000000083a00000|100%| O|  |TAMS 0x0000000083a00000, 0x0000000083900000| Untracked 
|  58|0x0000000083a00000, 0x0000000083b00000, 0x0000000083b00000|100%| O|  |TAMS 0x0000000083b00000, 0x0000000083a00000| Untracked 
|  59|0x0000000083b00000, 0x0000000083c00000, 0x0000000083c00000|100%| O|  |TAMS 0x0000000083c00000, 0x0000000083b00000| Untracked 
|  60|0x0000000083c00000, 0x0000000083d00000, 0x0000000083d00000|100%| O|  |TAMS 0x0000000083d00000, 0x0000000083c00000| Untracked 
|  61|0x0000000083d00000, 0x0000000083e00000, 0x0000000083e00000|100%| O|  |TAMS 0x0000000083e00000, 0x0000000083d00000| Untracked 
|  62|0x0000000083e00000, 0x0000000083f00000, 0x0000000083f00000|100%| O|  |TAMS 0x0000000083f00000, 0x0000000083e00000| Untracked 
|  63|0x0000000083f00000, 0x0000000084000000, 0x0000000084000000|100%| O|  |TAMS 0x0000000084000000, 0x0000000083f00000| Untracked 
|  64|0x0000000084000000, 0x0000000084100000, 0x0000000084100000|100%| O|  |TAMS 0x0000000084100000, 0x0000000084000000| Untracked 
|  65|0x0000000084100000, 0x0000000084200000, 0x0000000084200000|100%| O|  |TAMS 0x0000000084200000, 0x0000000084100000| Untracked 
|  66|0x0000000084200000, 0x0000000084300000, 0x0000000084300000|100%| O|  |TAMS 0x0000000084300000, 0x0000000084200000| Untracked 
|  67|0x0000000084300000, 0x0000000084400000, 0x0000000084400000|100%| O|  |TAMS 0x0000000084400000, 0x0000000084300000| Untracked 
|  68|0x0000000084400000, 0x0000000084500000, 0x0000000084500000|100%| O|  |TAMS 0x0000000084499200, 0x0000000084400000| Untracked 
|  69|0x0000000084500000, 0x0000000084600000, 0x0000000084600000|100%| O|  |TAMS 0x0000000084500000, 0x0000000084500000| Untracked 
|  70|0x0000000084600000, 0x0000000084700000, 0x0000000084700000|100%| O|  |TAMS 0x0000000084600000, 0x0000000084600000| Untracked 
|  71|0x0000000084700000, 0x0000000084800000, 0x0000000084800000|100%| O|  |TAMS 0x0000000084700000, 0x0000000084700000| Untracked 
|  72|0x0000000084800000, 0x0000000084900000, 0x0000000084900000|100%| O|  |TAMS 0x0000000084800000, 0x0000000084800000| Untracked 
|  73|0x0000000084900000, 0x0000000084a00000, 0x0000000084a00000|100%| O|  |TAMS 0x0000000084900000, 0x0000000084900000| Untracked 
|  74|0x0000000084a00000, 0x0000000084b00000, 0x0000000084b00000|100%| O|  |TAMS 0x0000000084a00000, 0x0000000084a00000| Untracked 
|  75|0x0000000084b00000, 0x0000000084c00000, 0x0000000084c00000|100%| O|  |TAMS 0x0000000084b00000, 0x0000000084b00000| Untracked 
|  76|0x0000000084c00000, 0x0000000084d00000, 0x0000000084d00000|100%| O|  |TAMS 0x0000000084c00000, 0x0000000084c00000| Untracked 
|  77|0x0000000084d00000, 0x0000000084e00000, 0x0000000084e00000|100%| O|  |TAMS 0x0000000084d00000, 0x0000000084d00000| Untracked 
|  78|0x0000000084e00000, 0x0000000084f00000, 0x0000000084f00000|100%| O|  |TAMS 0x0000000084e00000, 0x0000000084e00000| Untracked 
|  79|0x0000000084f00000, 0x0000000084f8fa00, 0x0000000085000000| 56%| O|  |TAMS 0x0000000084f00000, 0x0000000084f00000| Untracked 
|  80|0x0000000085000000, 0x0000000085100000, 0x0000000085100000|100%| O|  |TAMS 0x0000000085000000, 0x0000000085000000| Untracked 
|  81|0x0000000085100000, 0x0000000085200000, 0x0000000085200000|100%| O|  |TAMS 0x0000000085100000, 0x0000000085100000| Untracked 
|  82|0x0000000085200000, 0x0000000085300000, 0x0000000085300000|100%| O|  |TAMS 0x0000000085200000, 0x0000000085200000| Untracked 
|  83|0x0000000085300000, 0x0000000085300000, 0x0000000085400000|  0%| F|  |TAMS 0x0000000085300000, 0x0000000085300000| Untracked 
|  84|0x0000000085400000, 0x0000000085400000, 0x0000000085500000|  0%| F|  |TAMS 0x0000000085400000, 0x0000000085400000| Untracked 
|  85|0x0000000085500000, 0x0000000085500000, 0x0000000085600000|  0%| F|  |TAMS 0x0000000085500000, 0x0000000085500000| Untracked 
|  86|0x0000000085600000, 0x0000000085600000, 0x0000000085700000|  0%| F|  |TAMS 0x0000000085600000, 0x0000000085600000| Untracked 
|  87|0x0000000085700000, 0x0000000085700000, 0x0000000085800000|  0%| F|  |TAMS 0x0000000085700000, 0x0000000085700000| Untracked 
|  88|0x0000000085800000, 0x0000000085800000, 0x0000000085900000|  0%| F|  |TAMS 0x0000000085800000, 0x0000000085800000| Untracked 
|  89|0x0000000085900000, 0x0000000085a00000, 0x0000000085a00000|100%| O|  |TAMS 0x0000000085900000, 0x0000000085900000| Untracked 
|  90|0x0000000085a00000, 0x0000000085b00000, 0x0000000085b00000|100%| O|  |TAMS 0x0000000085a00000, 0x0000000085a00000| Untracked 
|  91|0x0000000085b00000, 0x0000000085c00000, 0x0000000085c00000|100%| O|  |TAMS 0x0000000085b00000, 0x0000000085b00000| Untracked 
|  92|0x0000000085c00000, 0x0000000085d00000, 0x0000000085d00000|100%| O|  |TAMS 0x0000000085c00000, 0x0000000085c00000| Untracked 
|  93|0x0000000085d00000, 0x0000000085e00000, 0x0000000085e00000|100%| O|  |TAMS 0x0000000085d00000, 0x0000000085d00000| Untracked 
|  94|0x0000000085e00000, 0x0000000085f00000, 0x0000000085f00000|100%| O|  |TAMS 0x0000000085e00000, 0x0000000085e00000| Untracked 
|  95|0x0000000085f00000, 0x0000000086000000, 0x0000000086000000|100%| O|  |TAMS 0x0000000085f00000, 0x0000000085f00000| Untracked 
|  96|0x0000000086000000, 0x0000000086100000, 0x0000000086100000|100%| O|  |TAMS 0x0000000086000000, 0x0000000086000000| Untracked 
|  97|0x0000000086100000, 0x0000000086200000, 0x0000000086200000|100%| O|  |TAMS 0x0000000086100000, 0x0000000086100000| Untracked 
|  98|0x0000000086200000, 0x0000000086300000, 0x0000000086300000|100%| O|  |TAMS 0x0000000086200000, 0x0000000086200000| Untracked 
|  99|0x0000000086300000, 0x0000000086400000, 0x0000000086400000|100%| O|  |TAMS 0x0000000086300000, 0x0000000086300000| Untracked 
| 100|0x0000000086400000, 0x0000000086500000, 0x0000000086500000|100%| O|  |TAMS 0x0000000086400000, 0x0000000086400000| Untracked 
| 101|0x0000000086500000, 0x0000000086600000, 0x0000000086600000|100%| O|  |TAMS 0x0000000086500000, 0x0000000086500000| Untracked 
| 102|0x0000000086600000, 0x0000000086700000, 0x0000000086700000|100%| O|  |TAMS 0x0000000086600000, 0x0000000086600000| Untracked 
| 103|0x0000000086700000, 0x0000000086800000, 0x0000000086800000|100%| O|  |TAMS 0x0000000086700000, 0x0000000086700000| Untracked 
| 104|0x0000000086800000, 0x0000000086900000, 0x0000000086900000|100%| O|  |TAMS 0x0000000086800000, 0x0000000086800000| Untracked 
| 105|0x0000000086900000, 0x0000000086a00000, 0x0000000086a00000|100%| O|  |TAMS 0x0000000086900000, 0x0000000086900000| Untracked 
| 106|0x0000000086a00000, 0x0000000086b00000, 0x0000000086b00000|100%| O|  |TAMS 0x0000000086a00000, 0x0000000086a00000| Untracked 
| 107|0x0000000086b00000, 0x0000000086c00000, 0x0000000086c00000|100%| O|  |TAMS 0x0000000086b00000, 0x0000000086b00000| Untracked 
| 108|0x0000000086c00000, 0x0000000086d00000, 0x0000000086d00000|100%| O|  |TAMS 0x0000000086c00000, 0x0000000086c00000| Untracked 
| 109|0x0000000086d00000, 0x0000000086e00000, 0x0000000086e00000|100%| O|  |TAMS 0x0000000086d00000, 0x0000000086d00000| Untracked 
| 110|0x0000000086e00000, 0x0000000086f00000, 0x0000000086f00000|100%| O|  |TAMS 0x0000000086e00000, 0x0000000086e00000| Untracked 
| 111|0x0000000086f00000, 0x0000000087000000, 0x0000000087000000|100%| O|  |TAMS 0x0000000086f00000, 0x0000000086f00000| Untracked 
| 112|0x0000000087000000, 0x0000000087000000, 0x0000000087100000|  0%| F|  |TAMS 0x0000000087000000, 0x0000000087000000| Untracked 
| 113|0x0000000087100000, 0x0000000087100000, 0x0000000087200000|  0%| F|  |TAMS 0x0000000087100000, 0x0000000087100000| Untracked 
| 114|0x0000000087200000, 0x0000000087200000, 0x0000000087300000|  0%| F|  |TAMS 0x0000000087200000, 0x0000000087200000| Untracked 
| 115|0x0000000087300000, 0x0000000087300000, 0x0000000087400000|  0%| F|  |TAMS 0x0000000087300000, 0x0000000087300000| Untracked 
| 116|0x0000000087400000, 0x0000000087400000, 0x0000000087500000|  0%| F|  |TAMS 0x0000000087400000, 0x0000000087400000| Untracked 
| 117|0x0000000087500000, 0x0000000087500000, 0x0000000087600000|  0%| F|  |TAMS 0x0000000087500000, 0x0000000087500000| Untracked 
| 118|0x0000000087600000, 0x0000000087600000, 0x0000000087700000|  0%| F|  |TAMS 0x0000000087600000, 0x0000000087600000| Untracked 
| 119|0x0000000087700000, 0x0000000087700000, 0x0000000087800000|  0%| F|  |TAMS 0x0000000087700000, 0x0000000087700000| Untracked 
| 120|0x0000000087800000, 0x0000000087900000, 0x0000000087900000|100%| O|  |TAMS 0x0000000087800000, 0x0000000087800000| Untracked 
| 121|0x0000000087900000, 0x0000000087a00000, 0x0000000087a00000|100%| O|  |TAMS 0x0000000087900000, 0x0000000087900000| Untracked 
| 122|0x0000000087a00000, 0x0000000087b00000, 0x0000000087b00000|100%| O|  |TAMS 0x0000000087a00000, 0x0000000087a00000| Untracked 
| 123|0x0000000087b00000, 0x0000000087c00000, 0x0000000087c00000|100%| O|  |TAMS 0x0000000087b00000, 0x0000000087b00000| Untracked 
| 124|0x0000000087c00000, 0x0000000087d00000, 0x0000000087d00000|100%| O|  |TAMS 0x0000000087c00000, 0x0000000087c00000| Untracked 
| 125|0x0000000087d00000, 0x0000000087e00000, 0x0000000087e00000|100%| O|  |TAMS 0x0000000087d00000, 0x0000000087d00000| Untracked 
| 126|0x0000000087e00000, 0x0000000087f00000, 0x0000000087f00000|100%| O|  |TAMS 0x0000000087e00000, 0x0000000087e00000| Untracked 
| 127|0x0000000087f00000, 0x0000000088000000, 0x0000000088000000|100%| O|  |TAMS 0x0000000087f00000, 0x0000000087f00000| Untracked 
| 128|0x0000000088000000, 0x0000000088100000, 0x0000000088100000|100%| O|  |TAMS 0x0000000088000000, 0x0000000088000000| Untracked 
| 129|0x0000000088100000, 0x0000000088200000, 0x0000000088200000|100%| O|  |TAMS 0x0000000088100000, 0x0000000088100000| Untracked 
| 130|0x0000000088200000, 0x0000000088300000, 0x0000000088300000|100%| O|  |TAMS 0x0000000088200000, 0x0000000088200000| Untracked 
| 131|0x0000000088300000, 0x0000000088400000, 0x0000000088400000|100%| O|  |TAMS 0x0000000088300000, 0x0000000088300000| Untracked 
| 132|0x0000000088400000, 0x0000000088500000, 0x0000000088500000|100%| O|  |TAMS 0x0000000088400000, 0x0000000088400000| Untracked 
| 133|0x0000000088500000, 0x0000000088600000, 0x0000000088600000|100%| O|  |TAMS 0x0000000088500000, 0x0000000088500000| Untracked 
| 134|0x0000000088600000, 0x0000000088700000, 0x0000000088700000|100%| O|  |TAMS 0x0000000088600000, 0x0000000088600000| Untracked 
| 135|0x0000000088700000, 0x0000000088700000, 0x0000000088800000|  0%| F|  |TAMS 0x0000000088700000, 0x0000000088700000| Untracked 
| 136|0x0000000088800000, 0x0000000088800000, 0x0000000088900000|  0%| F|  |TAMS 0x0000000088800000, 0x0000000088800000| Untracked 
| 137|0x0000000088900000, 0x0000000088900000, 0x0000000088a00000|  0%| F|  |TAMS 0x0000000088900000, 0x0000000088900000| Untracked 
| 138|0x0000000088a00000, 0x0000000088a00000, 0x0000000088b00000|  0%| F|  |TAMS 0x0000000088a00000, 0x0000000088a00000| Untracked 
| 139|0x0000000088b00000, 0x0000000088b00000, 0x0000000088c00000|  0%| F|  |TAMS 0x0000000088b00000, 0x0000000088b00000| Untracked 
| 140|0x0000000088c00000, 0x0000000088c00000, 0x0000000088d00000|  0%| F|  |TAMS 0x0000000088c00000, 0x0000000088c00000| Untracked 
| 141|0x0000000088d00000, 0x0000000088d00000, 0x0000000088e00000|  0%| F|  |TAMS 0x0000000088d00000, 0x0000000088d00000| Untracked 
| 142|0x0000000088e00000, 0x0000000088e00000, 0x0000000088f00000|  0%| F|  |TAMS 0x0000000088e00000, 0x0000000088e00000| Untracked 
| 143|0x0000000088f00000, 0x0000000088f00000, 0x0000000089000000|  0%| F|  |TAMS 0x0000000088f00000, 0x0000000088f00000| Untracked 
| 144|0x0000000089000000, 0x0000000089000000, 0x0000000089100000|  0%| F|  |TAMS 0x0000000089000000, 0x0000000089000000| Untracked 
| 145|0x0000000089100000, 0x0000000089100000, 0x0000000089200000|  0%| F|  |TAMS 0x0000000089100000, 0x0000000089100000| Untracked 
| 146|0x0000000089200000, 0x0000000089200000, 0x0000000089300000|  0%| F|  |TAMS 0x0000000089200000, 0x0000000089200000| Untracked 
| 147|0x0000000089300000, 0x0000000089300000, 0x0000000089400000|  0%| F|  |TAMS 0x0000000089300000, 0x0000000089300000| Untracked 
| 148|0x0000000089400000, 0x0000000089400000, 0x0000000089500000|  0%| F|  |TAMS 0x0000000089400000, 0x0000000089400000| Untracked 
| 149|0x0000000089500000, 0x0000000089500000, 0x0000000089600000|  0%| F|  |TAMS 0x0000000089500000, 0x0000000089500000| Untracked 
| 150|0x0000000089600000, 0x0000000089600000, 0x0000000089700000|  0%| F|  |TAMS 0x0000000089600000, 0x0000000089600000| Untracked 
| 151|0x0000000089700000, 0x0000000089700000, 0x0000000089800000|  0%| F|  |TAMS 0x0000000089700000, 0x0000000089700000| Untracked 
| 152|0x0000000089800000, 0x0000000089800000, 0x0000000089900000|  0%| F|  |TAMS 0x0000000089800000, 0x0000000089800000| Untracked 
| 153|0x0000000089900000, 0x0000000089900000, 0x0000000089a00000|  0%| F|  |TAMS 0x0000000089900000, 0x0000000089900000| Untracked 
| 154|0x0000000089a00000, 0x0000000089a00000, 0x0000000089b00000|  0%| F|  |TAMS 0x0000000089a00000, 0x0000000089a00000| Untracked 
| 155|0x0000000089b00000, 0x0000000089b00000, 0x0000000089c00000|  0%| F|  |TAMS 0x0000000089b00000, 0x0000000089b00000| Untracked 
| 156|0x0000000089c00000, 0x0000000089c00000, 0x0000000089d00000|  0%| F|  |TAMS 0x0000000089c00000, 0x0000000089c00000| Untracked 
| 157|0x0000000089d00000, 0x0000000089d00000, 0x0000000089e00000|  0%| F|  |TAMS 0x0000000089d00000, 0x0000000089d00000| Untracked 
| 158|0x0000000089e00000, 0x0000000089e00000, 0x0000000089f00000|  0%| F|  |TAMS 0x0000000089e00000, 0x0000000089e00000| Untracked 
| 159|0x0000000089f00000, 0x0000000089f00000, 0x000000008a000000|  0%| F|  |TAMS 0x0000000089f00000, 0x0000000089f00000| Untracked 
| 160|0x000000008a000000, 0x000000008a000000, 0x000000008a100000|  0%| F|  |TAMS 0x000000008a000000, 0x000000008a000000| Untracked 
| 161|0x000000008a100000, 0x000000008a100000, 0x000000008a200000|  0%| F|  |TAMS 0x000000008a100000, 0x000000008a100000| Untracked 
| 162|0x000000008a200000, 0x000000008a300000, 0x000000008a300000|100%| S|CS|TAMS 0x000000008a200000, 0x000000008a200000| Complete 
| 163|0x000000008a300000, 0x000000008a400000, 0x000000008a400000|100%| S|CS|TAMS 0x000000008a300000, 0x000000008a300000| Complete 
| 164|0x000000008a400000, 0x000000008a500000, 0x000000008a500000|100%| S|CS|TAMS 0x000000008a400000, 0x000000008a400000| Complete 
| 165|0x000000008a500000, 0x000000008a600000, 0x000000008a600000|100%| S|CS|TAMS 0x000000008a500000, 0x000000008a500000| Complete 
| 166|0x000000008a600000, 0x000000008a700000, 0x000000008a700000|100%| S|CS|TAMS 0x000000008a600000, 0x000000008a600000| Complete 
| 167|0x000000008a700000, 0x000000008a800000, 0x000000008a800000|100%| S|CS|TAMS 0x000000008a700000, 0x000000008a700000| Complete 
| 168|0x000000008a800000, 0x000000008a900000, 0x000000008a900000|100%| S|CS|TAMS 0x000000008a800000, 0x000000008a800000| Complete 
| 169|0x000000008a900000, 0x000000008a900000, 0x000000008aa00000|  0%| F|  |TAMS 0x000000008a900000, 0x000000008a900000| Untracked 
| 170|0x000000008aa00000, 0x000000008aa00000, 0x000000008ab00000|  0%| F|  |TAMS 0x000000008aa00000, 0x000000008aa00000| Untracked 
| 171|0x000000008ab00000, 0x000000008ac00000, 0x000000008ac00000|100%| S|CS|TAMS 0x000000008ab00000, 0x000000008ab00000| Complete 
| 172|0x000000008ac00000, 0x000000008ad00000, 0x000000008ad00000|100%| S|CS|TAMS 0x000000008ac00000, 0x000000008ac00000| Complete 
| 173|0x000000008ad00000, 0x000000008ae00000, 0x000000008ae00000|100%| S|CS|TAMS 0x000000008ad00000, 0x000000008ad00000| Complete 
| 174|0x000000008ae00000, 0x000000008ae00000, 0x000000008af00000|  0%| F|  |TAMS 0x000000008ae00000, 0x000000008ae00000| Untracked 
| 175|0x000000008af00000, 0x000000008af00000, 0x000000008b000000|  0%| F|  |TAMS 0x000000008af00000, 0x000000008af00000| Untracked 
| 176|0x000000008b000000, 0x000000008b000000, 0x000000008b100000|  0%| F|  |TAMS 0x000000008b000000, 0x000000008b000000| Untracked 
| 177|0x000000008b100000, 0x000000008b100000, 0x000000008b200000|  0%| F|  |TAMS 0x000000008b100000, 0x000000008b100000| Untracked 
| 178|0x000000008b200000, 0x000000008b200000, 0x000000008b300000|  0%| F|  |TAMS 0x000000008b200000, 0x000000008b200000| Untracked 
| 179|0x000000008b300000, 0x000000008b300000, 0x000000008b400000|  0%| F|  |TAMS 0x000000008b300000, 0x000000008b300000| Untracked 
| 180|0x000000008b400000, 0x000000008b400000, 0x000000008b500000|  0%| F|  |TAMS 0x000000008b400000, 0x000000008b400000| Untracked 
| 181|0x000000008b500000, 0x000000008b500000, 0x000000008b600000|  0%| F|  |TAMS 0x000000008b500000, 0x000000008b500000| Untracked 
| 182|0x000000008b600000, 0x000000008b600000, 0x000000008b700000|  0%| F|  |TAMS 0x000000008b600000, 0x000000008b600000| Untracked 
| 183|0x000000008b700000, 0x000000008b700000, 0x000000008b800000|  0%| F|  |TAMS 0x000000008b700000, 0x000000008b700000| Untracked 
| 184|0x000000008b800000, 0x000000008b800000, 0x000000008b900000|  0%| F|  |TAMS 0x000000008b800000, 0x000000008b800000| Untracked 
| 185|0x000000008b900000, 0x000000008b900000, 0x000000008ba00000|  0%| F|  |TAMS 0x000000008b900000, 0x000000008b900000| Untracked 
| 186|0x000000008ba00000, 0x000000008ba00000, 0x000000008bb00000|  0%| F|  |TAMS 0x000000008ba00000, 0x000000008ba00000| Untracked 
| 187|0x000000008bb00000, 0x000000008bb00000, 0x000000008bc00000|  0%| F|  |TAMS 0x000000008bb00000, 0x000000008bb00000| Untracked 
| 188|0x000000008bc00000, 0x000000008bc00000, 0x000000008bd00000|  0%| F|  |TAMS 0x000000008bc00000, 0x000000008bc00000| Untracked 
| 189|0x000000008bd00000, 0x000000008bd00000, 0x000000008be00000|  0%| F|  |TAMS 0x000000008bd00000, 0x000000008bd00000| Untracked 
| 190|0x000000008be00000, 0x000000008be00000, 0x000000008bf00000|  0%| F|  |TAMS 0x000000008be00000, 0x000000008be00000| Untracked 
| 191|0x000000008bf00000, 0x000000008bf00000, 0x000000008c000000|  0%| F|  |TAMS 0x000000008bf00000, 0x000000008bf00000| Untracked 
| 192|0x000000008c000000, 0x000000008c000000, 0x000000008c100000|  0%| F|  |TAMS 0x000000008c000000, 0x000000008c000000| Untracked 
| 193|0x000000008c100000, 0x000000008c100000, 0x000000008c200000|  0%| F|  |TAMS 0x000000008c100000, 0x000000008c100000| Untracked 
| 194|0x000000008c200000, 0x000000008c200000, 0x000000008c300000|  0%| F|  |TAMS 0x000000008c200000, 0x000000008c200000| Untracked 
| 195|0x000000008c300000, 0x000000008c300000, 0x000000008c400000|  0%| F|  |TAMS 0x000000008c300000, 0x000000008c300000| Untracked 
| 196|0x000000008c400000, 0x000000008c400000, 0x000000008c500000|  0%| F|  |TAMS 0x000000008c400000, 0x000000008c400000| Untracked 
| 197|0x000000008c500000, 0x000000008c500000, 0x000000008c600000|  0%| F|  |TAMS 0x000000008c500000, 0x000000008c500000| Untracked 
| 198|0x000000008c600000, 0x000000008c600000, 0x000000008c700000|  0%| F|  |TAMS 0x000000008c600000, 0x000000008c600000| Untracked 
| 199|0x000000008c700000, 0x000000008c700000, 0x000000008c800000|  0%| F|  |TAMS 0x000000008c700000, 0x000000008c700000| Untracked 
| 200|0x000000008c800000, 0x000000008c800000, 0x000000008c900000|  0%| F|  |TAMS 0x000000008c800000, 0x000000008c800000| Untracked 
| 201|0x000000008c900000, 0x000000008c900000, 0x000000008ca00000|  0%| F|  |TAMS 0x000000008c900000, 0x000000008c900000| Untracked 
| 202|0x000000008ca00000, 0x000000008ca00000, 0x000000008cb00000|  0%| F|  |TAMS 0x000000008ca00000, 0x000000008ca00000| Untracked 
| 203|0x000000008cb00000, 0x000000008cb00000, 0x000000008cc00000|  0%| F|  |TAMS 0x000000008cb00000, 0x000000008cb00000| Untracked 
| 204|0x000000008cc00000, 0x000000008cc00000, 0x000000008cd00000|  0%| F|  |TAMS 0x000000008cc00000, 0x000000008cc00000| Untracked 
| 205|0x000000008cd00000, 0x000000008cd00000, 0x000000008ce00000|  0%| F|  |TAMS 0x000000008cd00000, 0x000000008cd00000| Untracked 
| 206|0x000000008ce00000, 0x000000008ce00000, 0x000000008cf00000|  0%| F|  |TAMS 0x000000008ce00000, 0x000000008ce00000| Untracked 
| 207|0x000000008cf00000, 0x000000008cf00000, 0x000000008d000000|  0%| F|  |TAMS 0x000000008cf00000, 0x000000008cf00000| Untracked 
| 208|0x000000008d000000, 0x000000008d04c500, 0x000000008d100000| 29%| E|  |TAMS 0x000000008d000000, 0x000000008d000000| Complete 
| 209|0x000000008d100000, 0x000000008d200000, 0x000000008d200000|100%| E|CS|TAMS 0x000000008d100000, 0x000000008d100000| Complete 
| 210|0x000000008d200000, 0x000000008d300000, 0x000000008d300000|100%| E|CS|TAMS 0x000000008d200000, 0x000000008d200000| Complete 
| 211|0x000000008d300000, 0x000000008d400000, 0x000000008d400000|100%| E|CS|TAMS 0x000000008d300000, 0x000000008d300000| Complete 
| 212|0x000000008d400000, 0x000000008d500000, 0x000000008d500000|100%| E|CS|TAMS 0x000000008d400000, 0x000000008d400000| Complete 
| 213|0x000000008d500000, 0x000000008d600000, 0x000000008d600000|100%| E|CS|TAMS 0x000000008d500000, 0x000000008d500000| Complete 
| 214|0x000000008d600000, 0x000000008d700000, 0x000000008d700000|100%| E|CS|TAMS 0x000000008d600000, 0x000000008d600000| Complete 
| 215|0x000000008d700000, 0x000000008d800000, 0x000000008d800000|100%| E|  |TAMS 0x000000008d700000, 0x000000008d700000| Complete 
| 216|0x000000008d800000, 0x000000008d900000, 0x000000008d900000|100%| E|CS|TAMS 0x000000008d800000, 0x000000008d800000| Complete 
| 217|0x000000008d900000, 0x000000008da00000, 0x000000008da00000|100%| E|CS|TAMS 0x000000008d900000, 0x000000008d900000| Complete 
| 218|0x000000008da00000, 0x000000008db00000, 0x000000008db00000|100%| E|CS|TAMS 0x000000008da00000, 0x000000008da00000| Complete 
| 219|0x000000008db00000, 0x000000008dc00000, 0x000000008dc00000|100%| E|CS|TAMS 0x000000008db00000, 0x000000008db00000| Complete 
| 220|0x000000008dc00000, 0x000000008dd00000, 0x000000008dd00000|100%| E|CS|TAMS 0x000000008dc00000, 0x000000008dc00000| Complete 
| 221|0x000000008dd00000, 0x000000008de00000, 0x000000008de00000|100%| E|CS|TAMS 0x000000008dd00000, 0x000000008dd00000| Complete 
| 222|0x000000008de00000, 0x000000008df00000, 0x000000008df00000|100%| E|CS|TAMS 0x000000008de00000, 0x000000008de00000| Complete 
| 223|0x000000008df00000, 0x000000008e000000, 0x000000008e000000|100%| E|CS|TAMS 0x000000008df00000, 0x000000008df00000| Complete 
| 224|0x000000008e000000, 0x000000008e100000, 0x000000008e100000|100%| E|CS|TAMS 0x000000008e000000, 0x000000008e000000| Complete 
| 225|0x000000008e100000, 0x000000008e200000, 0x000000008e200000|100%| E|CS|TAMS 0x000000008e100000, 0x000000008e100000| Complete 
| 226|0x000000008e200000, 0x000000008e300000, 0x000000008e300000|100%| E|CS|TAMS 0x000000008e200000, 0x000000008e200000| Complete 
| 227|0x000000008e300000, 0x000000008e400000, 0x000000008e400000|100%| E|CS|TAMS 0x000000008e300000, 0x000000008e300000| Complete 
| 228|0x000000008e400000, 0x000000008e500000, 0x000000008e500000|100%| E|CS|TAMS 0x000000008e400000, 0x000000008e400000| Complete 
| 229|0x000000008e500000, 0x000000008e600000, 0x000000008e600000|100%| E|CS|TAMS 0x000000008e500000, 0x000000008e500000| Complete 
| 230|0x000000008e600000, 0x000000008e700000, 0x000000008e700000|100%| E|CS|TAMS 0x000000008e600000, 0x000000008e600000| Complete 
| 231|0x000000008e700000, 0x000000008e800000, 0x000000008e800000|100%| E|CS|TAMS 0x000000008e700000, 0x000000008e700000| Complete 
| 232|0x000000008e800000, 0x000000008e900000, 0x000000008e900000|100%| E|CS|TAMS 0x000000008e800000, 0x000000008e800000| Complete 
| 233|0x000000008e900000, 0x000000008ea00000, 0x000000008ea00000|100%| E|CS|TAMS 0x000000008e900000, 0x000000008e900000| Complete 
| 234|0x000000008ea00000, 0x000000008eb00000, 0x000000008eb00000|100%| E|CS|TAMS 0x000000008ea00000, 0x000000008ea00000| Complete 
| 235|0x000000008eb00000, 0x000000008ec00000, 0x000000008ec00000|100%| E|CS|TAMS 0x000000008eb00000, 0x000000008eb00000| Complete 
| 236|0x000000008ec00000, 0x000000008ed00000, 0x000000008ed00000|100%| E|CS|TAMS 0x000000008ec00000, 0x000000008ec00000| Complete 
| 237|0x000000008ed00000, 0x000000008ee00000, 0x000000008ee00000|100%| E|CS|TAMS 0x000000008ed00000, 0x000000008ed00000| Complete 
| 238|0x000000008ee00000, 0x000000008ef00000, 0x000000008ef00000|100%| E|CS|TAMS 0x000000008ee00000, 0x000000008ee00000| Complete 
| 239|0x000000008ef00000, 0x000000008f000000, 0x000000008f000000|100%| E|CS|TAMS 0x000000008ef00000, 0x000000008ef00000| Complete 
| 240|0x000000008f000000, 0x000000008f100000, 0x000000008f100000|100%| E|CS|TAMS 0x000000008f000000, 0x000000008f000000| Complete 
| 241|0x000000008f100000, 0x000000008f200000, 0x000000008f200000|100%| E|CS|TAMS 0x000000008f100000, 0x000000008f100000| Complete 
| 242|0x000000008f200000, 0x000000008f300000, 0x000000008f300000|100%| E|CS|TAMS 0x000000008f200000, 0x000000008f200000| Complete 
| 243|0x000000008f300000, 0x000000008f400000, 0x000000008f400000|100%| E|CS|TAMS 0x000000008f300000, 0x000000008f300000| Complete 
| 244|0x000000008f400000, 0x000000008f500000, 0x000000008f500000|100%| E|CS|TAMS 0x000000008f400000, 0x000000008f400000| Complete 
| 245|0x000000008f500000, 0x000000008f600000, 0x000000008f600000|100%| E|CS|TAMS 0x000000008f500000, 0x000000008f500000| Complete 
| 246|0x000000008f600000, 0x000000008f700000, 0x000000008f700000|100%| E|CS|TAMS 0x000000008f600000, 0x000000008f600000| Complete 
| 247|0x000000008f700000, 0x000000008f800000, 0x000000008f800000|100%| E|CS|TAMS 0x000000008f700000, 0x000000008f700000| Complete 

Card table byte_map: [0x0000025aaac60000,0x0000025aab060000] _byte_map_base: 0x0000025aaa860000

Marking Bits (Prev, Next): (CMBitMap*) 0x0000025a983ea170, (CMBitMap*) 0x0000025a983ea1b0
 Prev Bits: [0x0000025aab460000, 0x0000025aad460000)
 Next Bits: [0x0000025aad460000, 0x0000025aaf460000)

Polling page: 0x0000025a96530000

Metaspace:

Usage:
  Non-class:     94.05 MB used.
      Class:     14.38 MB used.
       Both:    108.43 MB used.

Virtual space:
  Non-class space:       96.00 MB reserved,      94.44 MB ( 98%) committed,  12 nodes.
      Class space:        1.00 GB reserved,      14.75 MB (  1%) committed,  1 nodes.
             Both:        1.09 GB reserved,     109.19 MB ( 10%) committed. 

Chunk freelists:
   Non-Class:  1.34 MB
       Class:  1.19 MB
        Both:  2.54 MB

MaxMetaspaceSize: unlimited
CompressedClassSpaceSize: 1.00 GB
Initial GC threshold: 21.00 MB
Current GC threshold: 134.38 MB
CDS: off
MetaspaceReclaimPolicy: balanced
 - commit_granule_bytes: 65536.
 - commit_granule_words: 8192.
 - virtual_space_node_default_size: 1048576.
 - enlarge_chunks_in_place: 1.
 - new_chunks_are_fully_committed: 0.
 - uncommit_free_chunks: 1.
 - use_allocation_guard: 0.
 - handle_deallocations: 1.


Internal statistics:

num_allocs_failed_limit: 6.
num_arena_births: 1196.
num_arena_deaths: 0.
num_vsnodes_births: 13.
num_vsnodes_deaths: 0.
num_space_committed: 1745.
num_space_uncommitted: 0.
num_chunks_returned_to_freelist: 6.
num_chunks_taken_from_freelist: 5369.
num_chunk_merges: 6.
num_chunk_splits: 3558.
num_chunks_enlarged: 2383.
num_purges: 0.
num_inconsistent_stats: 0.

CodeHeap 'non-profiled nmethods': size=120000Kb used=7447Kb max_used=7447Kb free=112552Kb
 bounds [0x0000025aa3330000, 0x0000025aa3a80000, 0x0000025aaa860000]
CodeHeap 'profiled nmethods': size=120000Kb used=24960Kb max_used=25434Kb free=95039Kb
 bounds [0x0000025a9b860000, 0x0000025a9d160000, 0x0000025aa2d90000]
CodeHeap 'non-nmethods': size=5760Kb used=2419Kb max_used=2461Kb free=3340Kb
 bounds [0x0000025aa2d90000, 0x0000025aa3010000, 0x0000025aa3330000]
 total_blobs=13599 nmethods=12636 adapters=876
 compilation: enabled
              stopped_count=0, restarted_count=0
 full_count=0

Compilation events (20 events):
Event: 88.271 Thread 0x0000025ab242a0c0 nmethod 15229 0x0000025a9cc5bd90 code [0x0000025a9cc5c000, 0x0000025a9cc5cb08]
Event: 88.271 Thread 0x0000025ab242a0c0 15230       3       java.io.ObjectOutputStream::writeFloat (9 bytes)
Event: 88.272 Thread 0x0000025ab242a0c0 nmethod 15230 0x0000025a9cbf9510 code [0x0000025a9cbf96c0, 0x0000025a9cbf9828]
Event: 88.322 Thread 0x0000025ab242a0c0 15231       3       com.google.common.collect.ImmutableSet::equals (50 bytes)
Event: 88.322 Thread 0x0000025ab242a0c0 nmethod 15231 0x0000025a9bc65910 code [0x0000025a9bc65b20, 0x0000025a9bc662c8]
Event: 88.324 Thread 0x0000025ab242a0c0 15232       3       org.gradle.api.DefaultTask::getState (5 bytes)
Event: 88.324 Thread 0x0000025ab242a0c0 nmethod 15232 0x0000025a9cbbca90 code [0x0000025a9cbbcc20, 0x0000025a9cbbcd38]
Event: 88.324 Thread 0x0000025ab242a0c0 15233       3       java.nio.channels.spi.AbstractSelectableChannel::isBlocking (13 bytes)
Event: 88.325 Thread 0x0000025ab242a0c0 nmethod 15233 0x0000025a9cc5ba10 code [0x0000025a9cc5bba0, 0x0000025a9cc5bd18]
Event: 88.326 Thread 0x0000025ab240dc50 15234   !   4       java.io.ObjectOutputStream::writeOrdinaryObject (196 bytes)
Event: 88.328 Thread 0x0000025ab242a0c0 15237       3       org.gradle.internal.component.external.model.UrlBackedArtifactMetadata::getComponentId (5 bytes)
Event: 88.329 Thread 0x0000025ab242a0c0 nmethod 15237 0x0000025a9cc5b690 code [0x0000025a9cc5b820, 0x0000025a9cc5b958]
Event: 88.329 Thread 0x0000025ab242a0c0 15238       3       org.gradle.internal.component.local.model.ComponentFileArtifactIdentifier::equals (63 bytes)
Event: 88.329 Thread 0x0000025ab242a0c0 nmethod 15238 0x0000025a9cc5ad90 code [0x0000025a9cc5af80, 0x0000025a9cc5b4f8]
Event: 88.331 Thread 0x0000025ab242a0c0 15240       3       org.gradle.internal.resources.DefaultLease::<init> (14 bytes)
Event: 88.331 Thread 0x0000025ab242a0c0 nmethod 15240 0x0000025a9cc5a790 code [0x0000025a9cc5a940, 0x0000025a9cc5ac78]
Event: 88.331 Thread 0x0000025ab242a0c0 15242       3       org.gradle.internal.work.DefaultWorkerLeaseService$3::run (48 bytes)
Event: 88.332 Thread 0x0000025ab242a0c0 nmethod 15242 0x0000025a9c59bc90 code [0x0000025a9c59bee0, 0x0000025a9c59c888]
Event: 88.332 Thread 0x0000025ab242a0c0 15241       3       org.gradle.internal.work.DefaultWorkerLeaseService::releaseWorkerLeaseAndWaitFor (65 bytes)
Event: 88.333 Thread 0x0000025ab242a0c0 nmethod 15241 0x0000025a9c59ae10 code [0x0000025a9c59b060, 0x0000025a9c59b908]

GC Heap History (20 events):
Event: 22.969 GC heap before
{Heap before GC invocations=35 (full 0):
 garbage-first heap   total 126976K, used 98733K [0x0000000080000000, 0x0000000100000000)
  region size 1024K, 37 young (37888K), 5 survivors (5120K)
 Metaspace       used 77586K, committed 78208K, reserved 1122304K
  class space    used 10346K, committed 10624K, reserved 1048576K
}
Event: 22.979 GC heap after
{Heap after GC invocations=36 (full 0):
 garbage-first heap   total 126976K, used 69767K [0x0000000080000000, 0x0000000100000000)
  region size 1024K, 4 young (4096K), 4 survivors (4096K)
 Metaspace       used 77586K, committed 78208K, reserved 1122304K
  class space    used 10346K, committed 10624K, reserved 1048576K
}
Event: 23.008 GC heap before
{Heap before GC invocations=36 (full 0):
 garbage-first heap   total 126976K, used 71815K [0x0000000080000000, 0x0000000100000000)
  region size 1024K, 6 young (6144K), 4 survivors (4096K)
 Metaspace       used 77755K, committed 78336K, reserved 1122304K
  class space    used 10371K, committed 10624K, reserved 1048576K
}
Event: 23.016 GC heap after
{Heap after GC invocations=37 (full 0):
 garbage-first heap   total 126976K, used 69942K [0x0000000080000000, 0x0000000100000000)
  region size 1024K, 1 young (1024K), 1 survivors (1024K)
 Metaspace       used 77755K, committed 78336K, reserved 1122304K
  class space    used 10371K, committed 10624K, reserved 1048576K
}
Event: 23.977 GC heap before
{Heap before GC invocations=37 (full 0):
 garbage-first heap   total 126976K, used 101686K [0x0000000080000000, 0x0000000100000000)
  region size 1024K, 31 young (31744K), 1 survivors (1024K)
 Metaspace       used 81513K, committed 82112K, reserved 1122304K
  class space    used 11091K, committed 11392K, reserved 1048576K
}
Event: 23.983 GC heap after
{Heap after GC invocations=38 (full 0):
 garbage-first heap   total 253952K, used 70947K [0x0000000080000000, 0x0000000100000000)
  region size 1024K, 2 young (2048K), 2 survivors (2048K)
 Metaspace       used 81513K, committed 82112K, reserved 1122304K
  class space    used 11091K, committed 11392K, reserved 1048576K
}
Event: 30.277 GC heap before
{Heap before GC invocations=39 (full 0):
 garbage-first heap   total 253952K, used 182563K [0x0000000080000000, 0x0000000100000000)
  region size 1024K, 111 young (113664K), 2 survivors (2048K)
 Metaspace       used 93177K, committed 93824K, reserved 1130496K
  class space    used 12734K, committed 13056K, reserved 1048576K
}
Event: 30.312 GC heap after
{Heap after GC invocations=40 (full 0):
 garbage-first heap   total 253952K, used 79603K [0x0000000080000000, 0x0000000100000000)
  region size 1024K, 11 young (11264K), 11 survivors (11264K)
 Metaspace       used 93177K, committed 93824K, reserved 1130496K
  class space    used 12734K, committed 13056K, reserved 1048576K
}
Event: 30.359 GC heap before
{Heap before GC invocations=40 (full 0):
 garbage-first heap   total 253952K, used 80627K [0x0000000080000000, 0x0000000100000000)
  region size 1024K, 12 young (12288K), 11 survivors (11264K)
 Metaspace       used 93203K, committed 93824K, reserved 1130496K
  class space    used 12737K, committed 13056K, reserved 1048576K
}
Event: 30.381 GC heap after
{Heap after GC invocations=41 (full 0):
 garbage-first heap   total 253952K, used 80136K [0x0000000080000000, 0x0000000100000000)
  region size 1024K, 2 young (2048K), 2 survivors (2048K)
 Metaspace       used 93203K, committed 93824K, reserved 1130496K
  class space    used 12737K, committed 13056K, reserved 1048576K
}
Event: 40.596 GC heap before
{Heap before GC invocations=41 (full 0):
 garbage-first heap   total 253952K, used 192776K [0x0000000080000000, 0x0000000100000000)
  region size 1024K, 112 young (114688K), 2 survivors (2048K)
 Metaspace       used 95891K, committed 96512K, reserved 1138688K
  class space    used 13132K, committed 13440K, reserved 1048576K
}
Event: 40.629 GC heap after
{Heap after GC invocations=42 (full 0):
 garbage-first heap   total 253952K, used 94208K [0x0000000080000000, 0x0000000100000000)
  region size 1024K, 14 young (14336K), 14 survivors (14336K)
 Metaspace       used 95891K, committed 96512K, reserved 1138688K
  class space    used 13132K, committed 13440K, reserved 1048576K
}
Event: 51.190 GC heap before
{Heap before GC invocations=42 (full 0):
 garbage-first heap   total 253952K, used 203776K [0x0000000080000000, 0x0000000100000000)
  region size 1024K, 111 young (113664K), 14 survivors (14336K)
 Metaspace       used 100477K, committed 101184K, reserved 1138688K
  class space    used 13624K, committed 13952K, reserved 1048576K
}
Event: 51.258 GC heap after
{Heap after GC invocations=43 (full 0):
 garbage-first heap   total 253952K, used 119603K [0x0000000080000000, 0x0000000100000000)
  region size 1024K, 14 young (14336K), 14 survivors (14336K)
 Metaspace       used 100477K, committed 101184K, reserved 1138688K
  class space    used 13624K, committed 13952K, reserved 1048576K
}
Event: 55.219 GC heap before
{Heap before GC invocations=43 (full 0):
 garbage-first heap   total 253952K, used 206643K [0x0000000080000000, 0x0000000100000000)
  region size 1024K, 83 young (84992K), 14 survivors (14336K)
 Metaspace       used 105410K, committed 106048K, reserved 1146880K
  class space    used 14157K, committed 14464K, reserved 1048576K
}
Event: 55.250 GC heap after
{Heap after GC invocations=44 (full 0):
 garbage-first heap   total 253952K, used 126976K [0x0000000080000000, 0x0000000100000000)
  region size 1024K, 8 young (8192K), 8 survivors (8192K)
 Metaspace       used 105410K, committed 106048K, reserved 1146880K
  class space    used 14157K, committed 14464K, reserved 1048576K
}
Event: 62.235 GC heap before
{Heap before GC invocations=44 (full 0):
 garbage-first heap   total 253952K, used 196608K [0x0000000080000000, 0x0000000100000000)
  region size 1024K, 75 young (76800K), 8 survivors (8192K)
 Metaspace       used 108719K, committed 109376K, reserved 1146880K
  class space    used 14452K, committed 14784K, reserved 1048576K
}
Event: 62.255 GC heap after
{Heap after GC invocations=45 (full 0):
 garbage-first heap   total 253952K, used 125810K [0x0000000080000000, 0x0000000100000000)
  region size 1024K, 4 young (4096K), 4 survivors (4096K)
 Metaspace       used 108719K, committed 109376K, reserved 1146880K
  class space    used 14452K, committed 14784K, reserved 1048576K
}
Event: 73.940 GC heap before
{Heap before GC invocations=45 (full 0):
 garbage-first heap   total 253952K, used 198514K [0x0000000080000000, 0x0000000100000000)
  region size 1024K, 76 young (77824K), 4 survivors (4096K)
 Metaspace       used 110700K, committed 111424K, reserved 1146880K
  class space    used 14682K, committed 15040K, reserved 1048576K
}
Event: 73.959 GC heap after
{Heap after GC invocations=46 (full 0):
 garbage-first heap   total 253952K, used 133694K [0x0000000080000000, 0x0000000100000000)
  region size 1024K, 10 young (10240K), 10 survivors (10240K)
 Metaspace       used 110700K, committed 111424K, reserved 1146880K
  class space    used 14682K, committed 15040K, reserved 1048576K
}

Dll operation events (2 events):
Event: 0.010 Loaded shared library D:\Programms\Android Studio\jbr\bin\java.dll
Event: 0.770 Loaded shared library D:\Programms\Android Studio\jbr\bin\verify.dll

Deoptimization events (20 events):
Event: 75.446 Thread 0x0000025aba6ee170 DEOPT PACKING pc=0x0000025aa35c183c sp=0x000000bfcf4fddb0
Event: 75.446 Thread 0x0000025aba6ee170 DEOPT UNPACKING pc=0x0000025aa2de69a3 sp=0x000000bfcf4fdd60 mode 2
Event: 79.162 Thread 0x0000025aba6f2e70 DEOPT PACKING pc=0x0000025a9d129292 sp=0x000000bfcedfba80
Event: 79.162 Thread 0x0000025aba6f2e70 DEOPT UNPACKING pc=0x0000025aa2de7143 sp=0x000000bfcedfaf90 mode 0
Event: 79.174 Thread 0x0000025aba6f2e70 Uncommon trap: trap_request=0xffffffde fr.pc=0x0000025aa3a16fb8 relative=0x0000000000002738
Event: 79.174 Thread 0x0000025aba6f2e70 Uncommon trap: reason=class_check action=maybe_recompile pc=0x0000025aa3a16fb8 method=org.gradle.internal.snapshot.impl.AbstractValueProcessor.processValue(Ljava/lang/Object;Lorg/gradle/internal/snapshot/impl/AbstractValueProcessor$ValueVisitor;)Ljava/lan
Event: 79.174 Thread 0x0000025aba6f2e70 DEOPT PACKING pc=0x0000025aa3a16fb8 sp=0x000000bfcedfa6c0
Event: 79.174 Thread 0x0000025aba6f2e70 DEOPT UNPACKING pc=0x0000025aa2de69a3 sp=0x000000bfcedfa698 mode 2
Event: 88.322 Thread 0x0000025aba6f2e70 Uncommon trap: trap_request=0xffffffc6 fr.pc=0x0000025aa3a0db20 relative=0x00000000000014c0
Event: 88.322 Thread 0x0000025aba6f2e70 Uncommon trap: reason=bimorphic_or_optimized_type_check action=maybe_recompile pc=0x0000025aa3a0db20 method=org.gradle.internal.snapshot.SnapshotUtil$1.handleAsDescendantOfChild(Lorg/gradle/internal/snapshot/VfsRelativePath;Lorg/gradle/internal/snapshot/F
Event: 88.322 Thread 0x0000025aba6f2e70 DEOPT PACKING pc=0x0000025aa3a0db20 sp=0x000000bfcedfbf20
Event: 88.322 Thread 0x0000025aba6f2e70 DEOPT UNPACKING pc=0x0000025aa2de69a3 sp=0x000000bfcedfbe30 mode 2
Event: 88.323 Thread 0x0000025aba6f2e70 Uncommon trap: trap_request=0xffffffc6 fr.pc=0x0000025aa3a0db20 relative=0x00000000000014c0
Event: 88.323 Thread 0x0000025aba6f2e70 Uncommon trap: reason=bimorphic_or_optimized_type_check action=maybe_recompile pc=0x0000025aa3a0db20 method=org.gradle.internal.snapshot.SnapshotUtil$1.handleAsDescendantOfChild(Lorg/gradle/internal/snapshot/VfsRelativePath;Lorg/gradle/internal/snapshot/F
Event: 88.323 Thread 0x0000025aba6f2e70 DEOPT PACKING pc=0x0000025aa3a0db20 sp=0x000000bfcedfbf20
Event: 88.323 Thread 0x0000025aba6f2e70 DEOPT UNPACKING pc=0x0000025aa2de69a3 sp=0x000000bfcedfbe30 mode 2
Event: 88.323 Thread 0x0000025aba6f2e70 Uncommon trap: trap_request=0xffffffc6 fr.pc=0x0000025aa362e108 relative=0x00000000000000e8
Event: 88.323 Thread 0x0000025aba6f2e70 Uncommon trap: reason=bimorphic_or_optimized_type_check action=maybe_recompile pc=0x0000025aa362e108 method=com.google.common.collect.RegularImmutableMap.checkNoConflictInKeyBucket(Ljava/lang/Object;Ljava/lang/Object;Lcom/google/common/collect/ImmutableMa
Event: 88.323 Thread 0x0000025aba6f2e70 DEOPT PACKING pc=0x0000025aa362e108 sp=0x000000bfcedfccc0
Event: 88.324 Thread 0x0000025aba6f2e70 DEOPT UNPACKING pc=0x0000025aa2de69a3 sp=0x000000bfcedfcc58 mode 2

Classes unloaded (0 events):
No events

Classes redefined (0 events):
No events

Internal exceptions (20 events):
Event: 68.687 Thread 0x0000025aba6ece30 Exception <a 'java/lang/NoSuchMethodError'{0x000000008d8e3488}: static Lcom/android/build/api/artifact/Artifact$Single;.<clinit>()V> (0x000000008d8e3488) 
thrown [s\src\hotspot\share\prims\jni.cpp, line 1108]
Event: 68.687 Thread 0x0000025aba6ece30 Exception <a 'java/lang/NoSuchMethodError'{0x000000008d8e5a18}: static Ljava/lang/Object;.<clinit>()V> (0x000000008d8e5a18) 
thrown [s\src\hotspot\share\prims\jni.cpp, line 1108]
Event: 68.688 Thread 0x0000025aba6ece30 Exception <a 'java/lang/NoSuchMethodError'{0x000000008d8fc090}: static Lcom/android/build/api/artifact/ArtifactKind;.<clinit>()V> (0x000000008d8fc090) 
thrown [s\src\hotspot\share\prims\jni.cpp, line 1108]
Event: 68.688 Thread 0x0000025aba6ece30 Exception <a 'java/lang/NoSuchMethodError'{0x000000008d8fd250}: static Lcom/android/build/api/artifact/ArtifactKind;.<clinit>()V> (0x000000008d8fd250) 
thrown [s\src\hotspot\share\prims\jni.cpp, line 1108]
Event: 72.178 Thread 0x0000025aba6ece30 Exception <a 'java/lang/NoSuchMethodError'{0x000000008c2dd8e0}: static Lcom/android/builder/internal/aapt/AaptOptions;.<clinit>()V> (0x000000008c2dd8e0) 
thrown [s\src\hotspot\share\prims\jni.cpp, line 1108]
Event: 72.180 Thread 0x0000025aba6ece30 Exception <a 'java/lang/NoSuchMethodError'{0x000000008c2f13b8}: static Ljava/lang/Object;.<clinit>()V> (0x000000008c2f13b8) 
thrown [s\src\hotspot\share\prims\jni.cpp, line 1108]
Event: 72.183 Thread 0x0000025aba6ece30 Exception <a 'java/lang/NoSuchMethodError'{0x000000008c10d9c8}: static Lcom/android/build/api/variant/impl/SerializableApplicationMultiOutputHandler;.<clinit>()V> (0x000000008c10d9c8) 
thrown [s\src\hotspot\share\prims\jni.cpp, line 1108]
Event: 72.184 Thread 0x0000025aba6ece30 Exception <a 'java/lang/NoSuchMethodError'{0x000000008c123850}: static Lcom/android/build/api/variant/impl/VariantOutputImpl$SerializedForm;.<clinit>()V> (0x000000008c123850) 
thrown [s\src\hotspot\share\prims\jni.cpp, line 1108]
Event: 72.186 Thread 0x0000025aba6ece30 Exception <a 'java/lang/NoSuchMethodError'{0x000000008c137aa0}: static Lcom/android/build/api/variant/impl/VariantOutputConfigurationImpl;.<clinit>()V> (0x000000008c137aa0) 
thrown [s\src\hotspot\share\prims\jni.cpp, line 1108]
Event: 72.276 Thread 0x0000025aba6f0cc0 Exception <a 'sun/nio/fs/WindowsException'{0x000000008c0f5230}> (0x000000008c0f5230) 
thrown [s\src\hotspot\share\prims\jni.cpp, line 517]
Event: 72.304 Thread 0x0000025aba6f0cc0 Exception <a 'java/lang/NoSuchMethodError'{0x000000008bf1b068}: 'int java.lang.invoke.DirectMethodHandle$Holder.invokeSpecial(java.lang.Object, java.lang.Object, java.lang.Object, java.lang.Object, java.lang.Object)'> (0x000000008bf1b068) 
thrown [s\src\hotspot\share\interpreter\linkResolver.cpp, line 771]
Event: 72.808 Thread 0x0000025aba6ee170 Exception <a 'sun/nio/fs/WindowsException'{0x000000008b151ff0}> (0x000000008b151ff0) 
thrown [s\src\hotspot\share\prims\jni.cpp, line 517]
Event: 72.809 Thread 0x0000025aba6ee170 Exception <a 'sun/nio/fs/WindowsException'{0x000000008b1523e0}> (0x000000008b1523e0) 
thrown [s\src\hotspot\share\prims\jni.cpp, line 517]
Event: 72.866 Thread 0x0000025aba6ee170 Exception <a 'sun/nio/fs/WindowsException'{0x000000008b1c60a8}> (0x000000008b1c60a8) 
thrown [s\src\hotspot\share\prims\jni.cpp, line 517]
Event: 72.866 Thread 0x0000025aba6ee170 Exception <a 'sun/nio/fs/WindowsException'{0x000000008b1c6498}> (0x000000008b1c6498) 
thrown [s\src\hotspot\share\prims\jni.cpp, line 517]
Event: 76.073 Thread 0x0000025aba6ee170 Exception <a 'java/lang/NoSuchMethodError'{0x000000008f078c48}: 'void java.lang.invoke.DirectMethodHandle$Holder.invokeStatic(java.lang.Object, long)'> (0x000000008f078c48) 
thrown [s\src\hotspot\share\interpreter\linkResolver.cpp, line 771]
Event: 76.074 Thread 0x0000025aba6ee170 Exception <a 'java/lang/NoSuchMethodError'{0x000000008eebf9c8}: 'java.lang.Object java.lang.invoke.DirectMethodHandle$Holder.newInvokeSpecial(java.lang.Object, long)'> (0x000000008eebf9c8) 
thrown [s\src\hotspot\share\interpreter\linkResolver.cpp, line 771]
Event: 76.105 Thread 0x0000025aba6ee170 Exception <a 'java/lang/NoSuchMethodError'{0x000000008eec6688}: 'java.lang.Object java.lang.invoke.DirectMethodHandle$Holder.invokeStatic(java.lang.Object, java.lang.Object, long, java.lang.Object)'> (0x000000008eec6688) 
thrown [s\src\hotspot\share\interpreter\linkResolver.cpp, line 771]
Event: 76.106 Thread 0x0000025aba6ee170 Exception <a 'java/lang/NoSuchMethodError'{0x000000008eeca108}: 'java.lang.Object java.lang.invoke.DirectMethodHandle$Holder.invokeStaticInit(java.lang.Object, java.lang.Object, long, java.lang.Object)'> (0x000000008eeca108) 
thrown [s\src\hotspot\share\interpreter\linkResolver.cpp, line 771]
Event: 88.326 Thread 0x0000025aba6ef980 Exception <a 'sun/nio/fs/WindowsException'{0x000000008d3f77a8}> (0x000000008d3f77a8) 
thrown [s\src\hotspot\share\prims\jni.cpp, line 517]

VM Operations (20 events):
Event: 73.940 Executing VM operation: G1CollectForAllocation
Event: 73.962 Executing VM operation: G1CollectForAllocation done
Event: 75.962 Executing VM operation: Cleanup
Event: 75.962 Executing VM operation: Cleanup done
Event: 76.108 Executing VM operation: HandshakeAllThreads
Event: 76.108 Executing VM operation: HandshakeAllThreads done
Event: 77.123 Executing VM operation: Cleanup
Event: 77.123 Executing VM operation: Cleanup done
Event: 79.137 Executing VM operation: Cleanup
Event: 79.137 Executing VM operation: Cleanup done
Event: 80.139 Executing VM operation: Cleanup
Event: 80.140 Executing VM operation: Cleanup done
Event: 81.153 Executing VM operation: Cleanup
Event: 81.154 Executing VM operation: Cleanup done
Event: 82.166 Executing VM operation: Cleanup
Event: 82.166 Executing VM operation: Cleanup done
Event: 85.183 Executing VM operation: Cleanup
Event: 85.183 Executing VM operation: Cleanup done
Event: 88.196 Executing VM operation: Cleanup
Event: 88.197 Executing VM operation: Cleanup done

Events (20 events):
Event: 67.877 loading class sun/nio/cs/Surrogate$Parser done
Event: 67.877 loading class sun/nio/cs/Surrogate
Event: 67.878 loading class sun/nio/cs/Surrogate done
Event: 75.507 loading class java/util/concurrent/Executors$DelegatedScheduledExecutorService
Event: 75.544 loading class java/util/concurrent/Executors$DelegatedExecutorService
Event: 75.544 loading class java/util/concurrent/Executors$DelegatedExecutorService done
Event: 75.544 loading class java/util/concurrent/Executors$DelegatedScheduledExecutorService done
Event: 75.554 Thread 0x0000025aba6f1660 Thread added: 0x0000025aba6f1660
Event: 75.557 loading class java/lang/ProcessImpl
Event: 75.564 loading class java/lang/ProcessImpl done
Event: 76.074 loading class java/lang/ProcessHandleImpl
Event: 76.104 loading class java/lang/ProcessHandleImpl done
Event: 76.106 loading class java/lang/ProcessImpl$2
Event: 76.106 loading class java/lang/ProcessImpl$2 done
Event: 76.106 loading class java/lang/Process$PipeInputStream
Event: 76.106 loading class java/lang/Process$PipeInputStream done
Event: 76.108 loading class jdk/internal/event/ProcessStartEvent
Event: 76.248 loading class jdk/internal/event/ProcessStartEvent done
Event: 76.251 Thread 0x0000025ab321c3a0 Thread added: 0x0000025ab321c3a0
Event: 76.251 Thread 0x0000025abae99a00 Thread added: 0x0000025abae99a00


Dynamic libraries:
0x00007ff772a30000 - 0x00007ff772a3a000 	D:\Programms\Android Studio\jbr\bin\java.exe
0x00007fffad4d0000 - 0x00007fffad6c8000 	C:\Windows\SYSTEM32\ntdll.dll
0x00007fffac290000 - 0x00007fffac34d000 	C:\Windows\System32\KERNEL32.DLL
0x00007fffab1c0000 - 0x00007fffab4b6000 	C:\Windows\System32\KERNELBASE.dll
0x00007fffaaf70000 - 0x00007fffab070000 	C:\Windows\System32\ucrtbase.dll
0x00007fff9fd60000 - 0x00007fff9fd77000 	D:\Programms\Android Studio\jbr\bin\jli.dll
0x00007fffa3fc0000 - 0x00007fffa3fdb000 	D:\Programms\Android Studio\jbr\bin\VCRUNTIME140.dll
0x00007fffac9d0000 - 0x00007fffacb6e000 	C:\Windows\System32\USER32.dll
0x00007fffab190000 - 0x00007fffab1b2000 	C:\Windows\System32\win32u.dll
0x00007fffac9a0000 - 0x00007fffac9cc000 	C:\Windows\System32\GDI32.dll
0x00007fffab070000 - 0x00007fffab18a000 	C:\Windows\System32\gdi32full.dll
0x00007fff98d20000 - 0x00007fff98fba000 	C:\Windows\WinSxS\amd64_microsoft.windows.common-controls_6595b64144ccf1df_6.0.19041.3636_none_60b6a03d71f818d5\COMCTL32.dll
0x00007fffaae10000 - 0x00007fffaaead000 	C:\Windows\System32\msvcp_win.dll
0x00007fffad360000 - 0x00007fffad3fe000 	C:\Windows\System32\msvcrt.dll
0x00007fffad210000 - 0x00007fffad240000 	C:\Windows\System32\IMM32.DLL
0x00007fff9c730000 - 0x00007fff9c73c000 	D:\Programms\Android Studio\jbr\bin\vcruntime140_1.dll
0x00007fff95d30000 - 0x00007fff95dbd000 	D:\Programms\Android Studio\jbr\bin\msvcp140.dll
0x00007fff7bbb0000 - 0x00007fff7c81e000 	D:\Programms\Android Studio\jbr\bin\server\jvm.dll
0x00007fffacca0000 - 0x00007fffacd4f000 	C:\Windows\System32\ADVAPI32.dll
0x00007fffacbf0000 - 0x00007fffacc8c000 	C:\Windows\System32\sechost.dll
0x00007fffac350000 - 0x00007fffac476000 	C:\Windows\System32\RPCRT4.dll
0x00007fffa5e80000 - 0x00007fffa5e8a000 	C:\Windows\SYSTEM32\VERSION.dll
0x00007fffa35b0000 - 0x00007fffa35d7000 	C:\Windows\SYSTEM32\WINMM.dll
0x00007fffa64e0000 - 0x00007fffa64e9000 	C:\Windows\SYSTEM32\WSOCK32.dll
0x00007fffab600000 - 0x00007fffab66b000 	C:\Windows\System32\WS2_32.dll
0x00007fffa8a90000 - 0x00007fffa8aa2000 	C:\Windows\SYSTEM32\kernel.appcore.dll
0x00007fffa6250000 - 0x00007fffa625a000 	D:\Programms\Android Studio\jbr\bin\jimage.dll
0x00007fffa3db0000 - 0x00007fffa3f94000 	C:\Windows\SYSTEM32\DBGHELP.DLL
0x00007fff98c40000 - 0x00007fff98c74000 	C:\Windows\SYSTEM32\dbgcore.DLL
0x00007fffaaeb0000 - 0x00007fffaaf32000 	C:\Windows\System32\bcryptPrimitives.dll
0x00007fffa0b60000 - 0x00007fffa0b85000 	D:\Programms\Android Studio\jbr\bin\java.dll
0x00007fffa0c10000 - 0x00007fffa0c28000 	D:\Programms\Android Studio\jbr\bin\zip.dll
0x00007fffab830000 - 0x00007fffabf74000 	C:\Windows\System32\SHELL32.dll
0x00007fffa8c90000 - 0x00007fffa942b000 	C:\Windows\SYSTEM32\windows.storage.dll
0x00007fffacd50000 - 0x00007fffad0a4000 	C:\Windows\System32\combase.dll
0x00007fffaa5f0000 - 0x00007fffaa61d000 	C:\Windows\SYSTEM32\Wldp.dll
0x00007fffad2b0000 - 0x00007fffad35d000 	C:\Windows\System32\SHCORE.dll
0x00007fffad240000 - 0x00007fffad295000 	C:\Windows\System32\shlwapi.dll
0x00007fffaaae0000 - 0x00007fffaab05000 	C:\Windows\SYSTEM32\profapi.dll
0x00007fffa09c0000 - 0x00007fffa09d9000 	D:\Programms\Android Studio\jbr\bin\net.dll
0x00007fffa3b40000 - 0x00007fffa3c4a000 	C:\Windows\SYSTEM32\WINHTTP.dll
0x00007fffaa350000 - 0x00007fffaa3ba000 	C:\Windows\system32\mswsock.dll
0x00007fffa0270000 - 0x00007fffa0286000 	D:\Programms\Android Studio\jbr\bin\nio.dll
0x00007fffa56e0000 - 0x00007fffa56f0000 	D:\Programms\Android Studio\jbr\bin\verify.dll
0x00007fff92260000 - 0x00007fff92287000 	C:\Users\Olya\.gradle\native\68d5fa5c4cc2d200863cafc0d521ce42e7d3e7ee720ec0a83991735586a16f82\windows-amd64\native-platform.dll
0x00007fff7ded0000 - 0x00007fff7e014000 	C:\Users\Olya\.gradle\native\e376f236ea51e6404a007f0833ffe2c6e607c4080706a723a18a27aeea778392\windows-amd64\native-platform-file-events.dll
0x00007fffa3450000 - 0x00007fffa3459000 	D:\Programms\Android Studio\jbr\bin\management.dll
0x00007fffa3160000 - 0x00007fffa316b000 	D:\Programms\Android Studio\jbr\bin\management_ext.dll
0x00007fffacc90000 - 0x00007fffacc98000 	C:\Windows\System32\PSAPI.DLL
0x00007fffaa550000 - 0x00007fffaa568000 	C:\Windows\SYSTEM32\CRYPTSP.dll
0x00007fffa9c10000 - 0x00007fffa9c44000 	C:\Windows\system32\rsaenh.dll
0x00007fffaaf40000 - 0x00007fffaaf67000 	C:\Windows\System32\bcrypt.dll
0x00007fffaaaa0000 - 0x00007fffaaace000 	C:\Windows\SYSTEM32\USERENV.dll
0x00007fffaa540000 - 0x00007fffaa54c000 	C:\Windows\SYSTEM32\CRYPTBASE.dll
0x00007fffa9ff0000 - 0x00007fffaa02b000 	C:\Windows\SYSTEM32\IPHLPAPI.DLL
0x00007fffab670000 - 0x00007fffab678000 	C:\Windows\System32\NSI.dll
0x00007fffa3ad0000 - 0x00007fffa3ae7000 	C:\Windows\SYSTEM32\dhcpcsvc6.DLL
0x00007fffa3ab0000 - 0x00007fffa3acd000 	C:\Windows\SYSTEM32\dhcpcsvc.DLL
0x00007fffaa030000 - 0x00007fffaa0fa000 	C:\Windows\SYSTEM32\DNSAPI.dll
0x00007fffa2170000 - 0x00007fffa2177000 	C:\Windows\system32\wshunix.dll
0x00007fffa67d0000 - 0x00007fffa67e7000 	C:\Windows\system32\napinsp.dll
0x00007fffa6870000 - 0x00007fffa688b000 	C:\Windows\system32\pnrpnsp.dll
0x00007fffa5f10000 - 0x00007fffa5f25000 	C:\Windows\system32\wshbth.dll
0x00007fffa6690000 - 0x00007fffa66ad000 	C:\Windows\system32\NLAapi.dll
0x00007fffa8420000 - 0x00007fffa8432000 	C:\Windows\System32\winrnr.dll
0x00007fffa2bd0000 - 0x00007fffa2bda000 	C:\Windows\System32\rasadhlp.dll
0x00007fffa1990000 - 0x00007fffa1a10000 	C:\Windows\System32\fwpuclnt.dll
0x00007fffa9d50000 - 0x00007fffa9d83000 	C:\Windows\SYSTEM32\ntmarta.dll

dbghelp: loaded successfully - version: 4.0.5 - missing functions: none
symbol engine: initialized successfully - sym options: 0x614 - pdb path: .;D:\Programms\Android Studio\jbr\bin;C:\Windows\SYSTEM32;C:\Windows\WinSxS\amd64_microsoft.windows.common-controls_6595b64144ccf1df_6.0.19041.3636_none_60b6a03d71f818d5;D:\Programms\Android Studio\jbr\bin\server;C:\Users\Olya\.gradle\native\68d5fa5c4cc2d200863cafc0d521ce42e7d3e7ee720ec0a83991735586a16f82\windows-amd64;C:\Users\Olya\.gradle\native\e376f236ea51e6404a007f0833ffe2c6e607c4080706a723a18a27aeea778392\windows-amd64

VM Arguments:
jvm_args: --add-opens=java.base/java.util=ALL-UNNAMED --add-opens=java.base/java.lang=ALL-UNNAMED --add-opens=java.base/java.lang.invoke=ALL-UNNAMED --add-opens=java.prefs/java.util.prefs=ALL-UNNAMED --add-opens=java.base/java.nio.charset=ALL-UNNAMED --add-opens=java.base/java.net=ALL-UNNAMED --add-opens=java.base/java.util.concurrent.atomic=ALL-UNNAMED -Xmx2048m -Dfile.encoding=UTF-8 -Duser.country=RU -Duser.language=ru -Duser.variant 
java_command: org.gradle.launcher.daemon.bootstrap.GradleDaemon 8.0
java_class_path (initial): C:\Users\Olya\.gradle\wrapper\dists\gradle-8.0-bin\ca5e32bp14vu59qr306oxotwh\gradle-8.0\lib\gradle-launcher-8.0.jar
Launcher Type: SUN_STANDARD

[Global flags]
     intx CICompilerCount                          = 3                                         {product} {ergonomic}
     uint ConcGCThreads                            = 1                                         {product} {ergonomic}
     uint G1ConcRefinementThreads                  = 4                                         {product} {ergonomic}
   size_t G1HeapRegionSize                         = 1048576                                   {product} {ergonomic}
    uintx GCDrainStackTargetSize                   = 64                                        {product} {ergonomic}
   size_t InitialHeapSize                          = 134217728                                 {product} {ergonomic}
   size_t MarkStackSize                            = 4194304                                   {product} {ergonomic}
   size_t MaxHeapSize                              = 2147483648                                {product} {command line}
   size_t MaxNewSize                               = 1287651328                                {product} {ergonomic}
   size_t MinHeapDeltaBytes                        = 1048576                                   {product} {ergonomic}
   size_t MinHeapSize                              = 8388608                                   {product} {ergonomic}
    uintx NonNMethodCodeHeapSize                   = 5832780                                {pd product} {ergonomic}
    uintx NonProfiledCodeHeapSize                  = 122912730                              {pd product} {ergonomic}
    uintx ProfiledCodeHeapSize                     = 122912730                              {pd product} {ergonomic}
    uintx ReservedCodeCacheSize                    = 251658240                              {pd product} {ergonomic}
     bool SegmentedCodeCache                       = true                                      {product} {ergonomic}
   size_t SoftMaxHeapSize                          = 2147483648                             {manageable} {ergonomic}
     bool UseCompressedClassPointers               = true                           {product lp64_product} {ergonomic}
     bool UseCompressedOops                        = true                           {product lp64_product} {ergonomic}
     bool UseG1GC                                  = true                                      {product} {ergonomic}
     bool UseLargePagesIndividualAllocation        = false                                  {pd product} {ergonomic}

Logging:
Log output configuration:
 #0: stdout all=warning uptime,level,tags
 #1: stderr all=off uptime,level,tags

Environment Variables:
PATH=C:\Program Files (x86)\Common Files\Oracle\Java\javapath;C:\Program Files\Microsoft\jdk-11.0.16.101-hotspot\bin;C:\Program Files (x86)\Common Files\Intel\Shared Libraries\redist\intel64\compiler;C:\Windows\system32;C:\Windows;C:\Windows\System32\Wbem;C:\Windows\System32\WindowsPowerShell\v1.0\;C:\Windows\System32\OpenSSH\;C:\Program Files\Microsoft SQL Server\150\Tools\Binn\;C:\Program Files\Microsoft SQL Server\Client SDK\ODBC\170\Tools\Binn\;D:\Programms\Git\Git\cmd;C:\Program Files\dotnet\;C:\Program Files (x86)\Microsoft SQL Server\160\Tools\Binn\;C:\Program Files\Microsoft SQL Server\160\Tools\Binn\;C:\Program Files\Microsoft SQL Server\160\DTS\Binn\;C:\Program Files (x86)\Microsoft SQL Server\160\DTS\Binn\;C:\Program Files\Azure Data Studio\bin;C:\Users\Olya\AppData\Local\Programs\Python\Python311\Scripts\;C:\Users\Olya\AppData\Local\Programs\Python\Python311\;C:\Users\Olya\AppData\Local\Microsoft\WindowsApps;C:\Users\Olya\.dotnet\tools;D:\Programms\Microsoft VS Code\bin;D:\Programms\IntelliJ IDEA Community Edition 2023.2.1\bin;;C:\Program Files\Azure Data Studio\bin
USERNAME=Olya
OS=Windows_NT
PROCESSOR_IDENTIFIER=AMD64 Family 21 Model 48 Stepping 1, AuthenticAMD
TMP=C:\Users\Olya\AppData\Local\Temp
TEMP=C:\Users\Olya\AppData\Local\Temp


JNI global refs:
JNI global refs: 25, weak refs: 4

JNI global refs memory usage: 843, weak refs: 841


---------------  S Y S T E M  ---------------

OS:
 Windows 10 , 64 bit Build 19041 (10.0.19041.3636)
OS uptime: 11 days 9:16 hours

CPU: total 4 (initial active 4) (4 cores per cpu, 1 threads per core) family 21 model 48 stepping 1 microcode 0x0, cx8, cmov, fxsr, mmx, 3dnowpref, sse, sse2, sse3, ssse3, sse4a, sse4.1, sse4.2, popcnt, lzcnt, tsc, tscinvbit, avx, aes, clmul, bmi1, fma, vzeroupper, clflush

Memory: 4k page, system-wide physical 8152M (244M free)
TotalPageFile size 16152M (AvailPageFile size 9M)
current process WorkingSet (physical memory assigned to process): 432M, peak: 455M
current process commit charge ("private bytes"): 541M, peak: 550M

vm_info: OpenJDK 64-Bit Server VM (17.0.6+0-b2043.56-10027231) for windows-amd64 JRE (17.0.6+0-b2043.56-10027231), built on Apr 28 2023 00:43:19 by "androidbuild" with MS VC++ 16.10 / 16.11 (VS2019)

END.
